==1918201== Memcheck, a memory error detector
==1918201== Copyright (C) 2002-2017, and GNU GPL'd, by Julian Seward et al.
==1918201== Using Valgrind-3.15.0 and LibVEX; rerun with -h for copyright info
==1918201== Command: ./minishell
==1918201== Parent PID: 1713146
==1918201== 
==1918201== 
==1918201== HEAP SUMMARY:
==1918201==     in use at exit: 200,660 bytes in 214 blocks
==1918201==   total heap usage: 568 allocs, 354 frees, 227,422 bytes allocated
==1918201== 
==1918201== 8 bytes in 1 blocks are still reachable in loss record 1 of 57
==1918201==    at 0x483B7F3: malloc (in /usr/lib/x86_64-linux-gnu/valgrind/vgpreload_memcheck-amd64-linux.so)
==1918201==    by 0x48A0057: xrealloc (in /usr/lib/x86_64-linux-gnu/libreadline.so.8.0)
==1918201==    by 0x488B063: ??? (in /usr/lib/x86_64-linux-gnu/libreadline.so.8.0)
==1918201==    by 0x488B7D5: rl_expand_prompt (in /usr/lib/x86_64-linux-gnu/libreadline.so.8.0)
==1918201==    by 0x4878FE5: rl_set_prompt (in /usr/lib/x86_64-linux-gnu/libreadline.so.8.0)
==1918201==    by 0x487A4AA: readline (in /usr/lib/x86_64-linux-gnu/libreadline.so.8.0)
==1918201==    by 0x4013CF: main (main.c:53)
==1918201== 
{
   <insert_a_suppression_name_here>
   Memcheck:Leak
   match-leak-kinds: reachable
   fun:malloc
   fun:xrealloc
   obj:/usr/lib/x86_64-linux-gnu/libreadline.so.8.0
   fun:rl_expand_prompt
   fun:rl_set_prompt
   fun:readline
   fun:main
}
==1918201== 8 bytes in 1 blocks are still reachable in loss record 2 of 57
==1918201==    at 0x483B7F3: malloc (in /usr/lib/x86_64-linux-gnu/valgrind/vgpreload_memcheck-amd64-linux.so)
==1918201==    by 0x495338E: strdup (strdup.c:42)
==1918201==    by 0x4AC1667: _nc_trim_sgr0 (in /usr/lib/x86_64-linux-gnu/libtinfo.so.6.2)
==1918201==    by 0x4ABA638: tgetent_sp (in /usr/lib/x86_64-linux-gnu/libtinfo.so.6.2)
==1918201==    by 0x489575B: _rl_init_terminal_io (in /usr/lib/x86_64-linux-gnu/libreadline.so.8.0)
==1918201==    by 0x487A1FF: rl_initialize (in /usr/lib/x86_64-linux-gnu/libreadline.so.8.0)
==1918201==    by 0x487A4AF: readline (in /usr/lib/x86_64-linux-gnu/libreadline.so.8.0)
==1918201==    by 0x4013CF: main (main.c:53)
==1918201== 
{
   <insert_a_suppression_name_here>
   Memcheck:Leak
   match-leak-kinds: reachable
   fun:malloc
   fun:strdup
   fun:_nc_trim_sgr0
   fun:tgetent_sp
   fun:_rl_init_terminal_io
   fun:rl_initialize
   fun:readline
   fun:main
}
==1918201== 13 bytes in 1 blocks are still reachable in loss record 3 of 57
==1918201==    at 0x483B7F3: malloc (in /usr/lib/x86_64-linux-gnu/valgrind/vgpreload_memcheck-amd64-linux.so)
==1918201==    by 0x48A000C: xmalloc (in /usr/lib/x86_64-linux-gnu/libreadline.so.8.0)
==1918201==    by 0x4887CF2: ??? (in /usr/lib/x86_64-linux-gnu/libreadline.so.8.0)
==1918201==    by 0x487A228: rl_initialize (in /usr/lib/x86_64-linux-gnu/libreadline.so.8.0)
==1918201==    by 0x487A4AF: readline (in /usr/lib/x86_64-linux-gnu/libreadline.so.8.0)
==1918201==    by 0x4013CF: main (main.c:53)
==1918201== 
{
   <insert_a_suppression_name_here>
   Memcheck:Leak
   match-leak-kinds: reachable
   fun:malloc
   fun:xmalloc
   obj:/usr/lib/x86_64-linux-gnu/libreadline.so.8.0
   fun:rl_initialize
   fun:readline
   fun:main
}
==1918201== 14 bytes in 1 blocks are still reachable in loss record 4 of 57
==1918201==    at 0x483DFAF: realloc (in /usr/lib/x86_64-linux-gnu/valgrind/vgpreload_memcheck-amd64-linux.so)
==1918201==    by 0x4AB73B7: _nc_doalloc (in /usr/lib/x86_64-linux-gnu/libtinfo.so.6.2)
==1918201==    by 0x4ABBD3E: tparm (in /usr/lib/x86_64-linux-gnu/libtinfo.so.6.2)
==1918201==    by 0x4AC13E4: ??? (in /usr/lib/x86_64-linux-gnu/libtinfo.so.6.2)
==1918201==    by 0x4AC1659: _nc_trim_sgr0 (in /usr/lib/x86_64-linux-gnu/libtinfo.so.6.2)
==1918201==    by 0x4ABA638: tgetent_sp (in /usr/lib/x86_64-linux-gnu/libtinfo.so.6.2)
==1918201==    by 0x489575B: _rl_init_terminal_io (in /usr/lib/x86_64-linux-gnu/libreadline.so.8.0)
==1918201==    by 0x487A1FF: rl_initialize (in /usr/lib/x86_64-linux-gnu/libreadline.so.8.0)
==1918201==    by 0x487A4AF: readline (in /usr/lib/x86_64-linux-gnu/libreadline.so.8.0)
==1918201==    by 0x4013CF: main (main.c:53)
==1918201== 
{
   <insert_a_suppression_name_here>
   Memcheck:Leak
   match-leak-kinds: reachable
   fun:realloc
   fun:_nc_doalloc
   fun:tparm
   obj:/usr/lib/x86_64-linux-gnu/libtinfo.so.6.2
   fun:_nc_trim_sgr0
   fun:tgetent_sp
   fun:_rl_init_terminal_io
   fun:rl_initialize
   fun:readline
   fun:main
}
==1918201== 15 bytes in 1 blocks are still reachable in loss record 5 of 57
==1918201==    at 0x483B7F3: malloc (in /usr/lib/x86_64-linux-gnu/valgrind/vgpreload_memcheck-amd64-linux.so)
==1918201==    by 0x495338E: strdup (strdup.c:42)
==1918201==    by 0x4AB9F4F: _nc_setupterm (in /usr/lib/x86_64-linux-gnu/libtinfo.so.6.2)
==1918201==    by 0x4ABA459: tgetent_sp (in /usr/lib/x86_64-linux-gnu/libtinfo.so.6.2)
==1918201==    by 0x489575B: _rl_init_terminal_io (in /usr/lib/x86_64-linux-gnu/libreadline.so.8.0)
==1918201==    by 0x487A1FF: rl_initialize (in /usr/lib/x86_64-linux-gnu/libreadline.so.8.0)
==1918201==    by 0x487A4AF: readline (in /usr/lib/x86_64-linux-gnu/libreadline.so.8.0)
==1918201==    by 0x4013CF: main (main.c:53)
==1918201== 
{
   <insert_a_suppression_name_here>
   Memcheck:Leak
   match-leak-kinds: reachable
   fun:malloc
   fun:strdup
   fun:_nc_setupterm
   fun:tgetent_sp
   fun:_rl_init_terminal_io
   fun:rl_initialize
   fun:readline
   fun:main
}
==1918201== 16 bytes in 1 blocks are still reachable in loss record 6 of 57
==1918201==    at 0x483B7F3: malloc (in /usr/lib/x86_64-linux-gnu/valgrind/vgpreload_memcheck-amd64-linux.so)
==1918201==    by 0x487A317: rl_initialize (in /usr/lib/x86_64-linux-gnu/libreadline.so.8.0)
==1918201==    by 0x487A4AF: readline (in /usr/lib/x86_64-linux-gnu/libreadline.so.8.0)
==1918201==    by 0x4013CF: main (main.c:53)
==1918201== 
{
   <insert_a_suppression_name_here>
   Memcheck:Leak
   match-leak-kinds: reachable
   fun:malloc
   fun:rl_initialize
   fun:readline
   fun:main
}
==1918201== 20 bytes in 1 blocks are still reachable in loss record 7 of 57
==1918201==    at 0x483B7F3: malloc (in /usr/lib/x86_64-linux-gnu/valgrind/vgpreload_memcheck-amd64-linux.so)
==1918201==    by 0x495338E: strdup (strdup.c:42)
==1918201==    by 0x4AB6B67: ??? (in /usr/lib/x86_64-linux-gnu/libtinfo.so.6.2)
==1918201==    by 0x4AB731F: _nc_first_db (in /usr/lib/x86_64-linux-gnu/libtinfo.so.6.2)
==1918201==    by 0x4AC0F8E: _nc_read_entry2 (in /usr/lib/x86_64-linux-gnu/libtinfo.so.6.2)
==1918201==    by 0x4AB9AF5: ??? (in /usr/lib/x86_64-linux-gnu/libtinfo.so.6.2)
==1918201==    by 0x4AB9F04: _nc_setupterm (in /usr/lib/x86_64-linux-gnu/libtinfo.so.6.2)
==1918201==    by 0x4ABA459: tgetent_sp (in /usr/lib/x86_64-linux-gnu/libtinfo.so.6.2)
==1918201==    by 0x489575B: _rl_init_terminal_io (in /usr/lib/x86_64-linux-gnu/libreadline.so.8.0)
==1918201==    by 0x487A1FF: rl_initialize (in /usr/lib/x86_64-linux-gnu/libreadline.so.8.0)
==1918201==    by 0x487A4AF: readline (in /usr/lib/x86_64-linux-gnu/libreadline.so.8.0)
==1918201==    by 0x4013CF: main (main.c:53)
==1918201== 
{
   <insert_a_suppression_name_here>
   Memcheck:Leak
   match-leak-kinds: reachable
   fun:malloc
   fun:strdup
   obj:/usr/lib/x86_64-linux-gnu/libtinfo.so.6.2
   fun:_nc_first_db
   fun:_nc_read_entry2
   obj:/usr/lib/x86_64-linux-gnu/libtinfo.so.6.2
   fun:_nc_setupterm
   fun:tgetent_sp
   fun:_rl_init_terminal_io
   fun:rl_initialize
   fun:readline
   fun:main
}
==1918201== 20 bytes in 1 blocks are still reachable in loss record 8 of 57
==1918201==    at 0x483B7F3: malloc (in /usr/lib/x86_64-linux-gnu/valgrind/vgpreload_memcheck-amd64-linux.so)
==1918201==    by 0x48A000C: xmalloc (in /usr/lib/x86_64-linux-gnu/libreadline.so.8.0)
==1918201==    by 0x48889D3: ??? (in /usr/lib/x86_64-linux-gnu/libreadline.so.8.0)
==1918201==    by 0x4887818: rl_parse_and_bind (in /usr/lib/x86_64-linux-gnu/libreadline.so.8.0)
==1918201==    by 0x4887C6C: ??? (in /usr/lib/x86_64-linux-gnu/libreadline.so.8.0)
==1918201==    by 0x487A228: rl_initialize (in /usr/lib/x86_64-linux-gnu/libreadline.so.8.0)
==1918201==    by 0x487A4AF: readline (in /usr/lib/x86_64-linux-gnu/libreadline.so.8.0)
==1918201==    by 0x4013CF: main (main.c:53)
==1918201== 
{
   <insert_a_suppression_name_here>
   Memcheck:Leak
   match-leak-kinds: reachable
   fun:malloc
   fun:xmalloc
   obj:/usr/lib/x86_64-linux-gnu/libreadline.so.8.0
   fun:rl_parse_and_bind
   obj:/usr/lib/x86_64-linux-gnu/libreadline.so.8.0
   fun:rl_initialize
   fun:readline
   fun:main
}
==1918201== 32 bytes in 1 blocks are still reachable in loss record 9 of 57
==1918201==    at 0x483B7F3: malloc (in /usr/lib/x86_64-linux-gnu/valgrind/vgpreload_memcheck-amd64-linux.so)
==1918201==    by 0x4AB7794: _nc_home_terminfo (in /usr/lib/x86_64-linux-gnu/libtinfo.so.6.2)
==1918201==    by 0x4AB7309: _nc_first_db (in /usr/lib/x86_64-linux-gnu/libtinfo.so.6.2)
==1918201==    by 0x4AC0F8E: _nc_read_entry2 (in /usr/lib/x86_64-linux-gnu/libtinfo.so.6.2)
==1918201==    by 0x4AB9AF5: ??? (in /usr/lib/x86_64-linux-gnu/libtinfo.so.6.2)
==1918201==    by 0x4AB9F04: _nc_setupterm (in /usr/lib/x86_64-linux-gnu/libtinfo.so.6.2)
==1918201==    by 0x4ABA459: tgetent_sp (in /usr/lib/x86_64-linux-gnu/libtinfo.so.6.2)
==1918201==    by 0x489575B: _rl_init_terminal_io (in /usr/lib/x86_64-linux-gnu/libreadline.so.8.0)
==1918201==    by 0x487A1FF: rl_initialize (in /usr/lib/x86_64-linux-gnu/libreadline.so.8.0)
==1918201==    by 0x487A4AF: readline (in /usr/lib/x86_64-linux-gnu/libreadline.so.8.0)
==1918201==    by 0x4013CF: main (main.c:53)
==1918201== 
{
   <insert_a_suppression_name_here>
   Memcheck:Leak
   match-leak-kinds: reachable
   fun:malloc
   fun:_nc_home_terminfo
   fun:_nc_first_db
   fun:_nc_read_entry2
   obj:/usr/lib/x86_64-linux-gnu/libtinfo.so.6.2
   fun:_nc_setupterm
   fun:tgetent_sp
   fun:_rl_init_terminal_io
   fun:rl_initialize
   fun:readline
   fun:main
}
==1918201== 45 bytes in 1 blocks are still reachable in loss record 10 of 57
==1918201==    at 0x483B7F3: malloc (in /usr/lib/x86_64-linux-gnu/valgrind/vgpreload_memcheck-amd64-linux.so)
==1918201==    by 0x48A000C: xmalloc (in /usr/lib/x86_64-linux-gnu/libreadline.so.8.0)
==1918201==    by 0x4879010: rl_set_prompt (in /usr/lib/x86_64-linux-gnu/libreadline.so.8.0)
==1918201==    by 0x487A4AA: readline (in /usr/lib/x86_64-linux-gnu/libreadline.so.8.0)
==1918201==    by 0x4013CF: main (main.c:53)
==1918201== 
{
   <insert_a_suppression_name_here>
   Memcheck:Leak
   match-leak-kinds: reachable
   fun:malloc
   fun:xmalloc
   fun:rl_set_prompt
   fun:readline
   fun:main
}
==1918201== 45 bytes in 1 blocks are still reachable in loss record 11 of 57
==1918201==    at 0x483B7F3: malloc (in /usr/lib/x86_64-linux-gnu/valgrind/vgpreload_memcheck-amd64-linux.so)
==1918201==    by 0x48A000C: xmalloc (in /usr/lib/x86_64-linux-gnu/libreadline.so.8.0)
==1918201==    by 0x488B02F: ??? (in /usr/lib/x86_64-linux-gnu/libreadline.so.8.0)
==1918201==    by 0x488B7D5: rl_expand_prompt (in /usr/lib/x86_64-linux-gnu/libreadline.so.8.0)
==1918201==    by 0x4878FE5: rl_set_prompt (in /usr/lib/x86_64-linux-gnu/libreadline.so.8.0)
==1918201==    by 0x487A4AA: readline (in /usr/lib/x86_64-linux-gnu/libreadline.so.8.0)
==1918201==    by 0x4013CF: main (main.c:53)
==1918201== 
{
   <insert_a_suppression_name_here>
   Memcheck:Leak
   match-leak-kinds: reachable
   fun:malloc
   fun:xmalloc
   obj:/usr/lib/x86_64-linux-gnu/libreadline.so.8.0
   fun:rl_expand_prompt
   fun:rl_set_prompt
   fun:readline
   fun:main
}
==1918201== 46 bytes in 1 blocks are still reachable in loss record 12 of 57
==1918201==    at 0x483DFAF: realloc (in /usr/lib/x86_64-linux-gnu/valgrind/vgpreload_memcheck-amd64-linux.so)
==1918201==    by 0x4AB73B7: _nc_doalloc (in /usr/lib/x86_64-linux-gnu/libtinfo.so.6.2)
==1918201==    by 0x4AC0674: _nc_read_termtype (in /usr/lib/x86_64-linux-gnu/libtinfo.so.6.2)
==1918201==    by 0x4AC0A8C: ??? (in /usr/lib/x86_64-linux-gnu/libtinfo.so.6.2)
==1918201==    by 0x4AC0E83: ??? (in /usr/lib/x86_64-linux-gnu/libtinfo.so.6.2)
==1918201==    by 0x4AC0FB4: _nc_read_entry2 (in /usr/lib/x86_64-linux-gnu/libtinfo.so.6.2)
==1918201==    by 0x4AB9AF5: ??? (in /usr/lib/x86_64-linux-gnu/libtinfo.so.6.2)
==1918201==    by 0x4AB9F04: _nc_setupterm (in /usr/lib/x86_64-linux-gnu/libtinfo.so.6.2)
==1918201==    by 0x4ABA459: tgetent_sp (in /usr/lib/x86_64-linux-gnu/libtinfo.so.6.2)
==1918201==    by 0x489575B: _rl_init_terminal_io (in /usr/lib/x86_64-linux-gnu/libreadline.so.8.0)
==1918201==    by 0x487A1FF: rl_initialize (in /usr/lib/x86_64-linux-gnu/libreadline.so.8.0)
==1918201==    by 0x487A4AF: readline (in /usr/lib/x86_64-linux-gnu/libreadline.so.8.0)
==1918201== 
{
   <insert_a_suppression_name_here>
   Memcheck:Leak
   match-leak-kinds: reachable
   fun:realloc
   fun:_nc_doalloc
   fun:_nc_read_termtype
   obj:/usr/lib/x86_64-linux-gnu/libtinfo.so.6.2
   obj:/usr/lib/x86_64-linux-gnu/libtinfo.so.6.2
   fun:_nc_read_entry2
   obj:/usr/lib/x86_64-linux-gnu/libtinfo.so.6.2
   fun:_nc_setupterm
   fun:tgetent_sp
   fun:_rl_init_terminal_io
   fun:rl_initialize
   fun:readline
}
==1918201== 46 bytes in 1 blocks are still reachable in loss record 13 of 57
==1918201==    at 0x483B7F3: malloc (in /usr/lib/x86_64-linux-gnu/valgrind/vgpreload_memcheck-amd64-linux.so)
==1918201==    by 0x4AB524E: ??? (in /usr/lib/x86_64-linux-gnu/libtinfo.so.6.2)
==1918201==    by 0x4AB9F1B: _nc_setupterm (in /usr/lib/x86_64-linux-gnu/libtinfo.so.6.2)
==1918201==    by 0x4ABA459: tgetent_sp (in /usr/lib/x86_64-linux-gnu/libtinfo.so.6.2)
==1918201==    by 0x489575B: _rl_init_terminal_io (in /usr/lib/x86_64-linux-gnu/libreadline.so.8.0)
==1918201==    by 0x487A1FF: rl_initialize (in /usr/lib/x86_64-linux-gnu/libreadline.so.8.0)
==1918201==    by 0x487A4AF: readline (in /usr/lib/x86_64-linux-gnu/libreadline.so.8.0)
==1918201==    by 0x4013CF: main (main.c:53)
==1918201== 
{
   <insert_a_suppression_name_here>
   Memcheck:Leak
   match-leak-kinds: reachable
   fun:malloc
   obj:/usr/lib/x86_64-linux-gnu/libtinfo.so.6.2
   fun:_nc_setupterm
   fun:tgetent_sp
   fun:_rl_init_terminal_io
   fun:rl_initialize
   fun:readline
   fun:main
}
==1918201== 48 bytes in 1 blocks are still reachable in loss record 14 of 57
==1918201==    at 0x483DD99: calloc (in /usr/lib/x86_64-linux-gnu/valgrind/vgpreload_memcheck-amd64-linux.so)
==1918201==    by 0x4AB6F2B: _nc_first_db (in /usr/lib/x86_64-linux-gnu/libtinfo.so.6.2)
==1918201==    by 0x4AC0F8E: _nc_read_entry2 (in /usr/lib/x86_64-linux-gnu/libtinfo.so.6.2)
==1918201==    by 0x4AB9AF5: ??? (in /usr/lib/x86_64-linux-gnu/libtinfo.so.6.2)
==1918201==    by 0x4AB9F04: _nc_setupterm (in /usr/lib/x86_64-linux-gnu/libtinfo.so.6.2)
==1918201==    by 0x4ABA459: tgetent_sp (in /usr/lib/x86_64-linux-gnu/libtinfo.so.6.2)
==1918201==    by 0x489575B: _rl_init_terminal_io (in /usr/lib/x86_64-linux-gnu/libreadline.so.8.0)
==1918201==    by 0x487A1FF: rl_initialize (in /usr/lib/x86_64-linux-gnu/libreadline.so.8.0)
==1918201==    by 0x487A4AF: readline (in /usr/lib/x86_64-linux-gnu/libreadline.so.8.0)
==1918201==    by 0x4013CF: main (main.c:53)
==1918201== 
{
   <insert_a_suppression_name_here>
   Memcheck:Leak
   match-leak-kinds: reachable
   fun:calloc
   fun:_nc_first_db
   fun:_nc_read_entry2
   obj:/usr/lib/x86_64-linux-gnu/libtinfo.so.6.2
   fun:_nc_setupterm
   fun:tgetent_sp
   fun:_rl_init_terminal_io
   fun:rl_initialize
   fun:readline
   fun:main
}
==1918201== 78 bytes in 1 blocks are still reachable in loss record 15 of 57
==1918201==    at 0x483B7F3: malloc (in /usr/lib/x86_64-linux-gnu/valgrind/vgpreload_memcheck-amd64-linux.so)
==1918201==    by 0x4AB52BF: ??? (in /usr/lib/x86_64-linux-gnu/libtinfo.so.6.2)
==1918201==    by 0x4AB9F1B: _nc_setupterm (in /usr/lib/x86_64-linux-gnu/libtinfo.so.6.2)
==1918201==    by 0x4ABA459: tgetent_sp (in /usr/lib/x86_64-linux-gnu/libtinfo.so.6.2)
==1918201==    by 0x489575B: _rl_init_terminal_io (in /usr/lib/x86_64-linux-gnu/libreadline.so.8.0)
==1918201==    by 0x487A1FF: rl_initialize (in /usr/lib/x86_64-linux-gnu/libreadline.so.8.0)
==1918201==    by 0x487A4AF: readline (in /usr/lib/x86_64-linux-gnu/libreadline.so.8.0)
==1918201==    by 0x4013CF: main (main.c:53)
==1918201== 
{
   <insert_a_suppression_name_here>
   Memcheck:Leak
   match-leak-kinds: reachable
   fun:malloc
   obj:/usr/lib/x86_64-linux-gnu/libtinfo.so.6.2
   fun:_nc_setupterm
   fun:tgetent_sp
   fun:_rl_init_terminal_io
   fun:rl_initialize
   fun:readline
   fun:main
}
==1918201== 94 bytes in 1 blocks are still reachable in loss record 16 of 57
==1918201==    at 0x483B7F3: malloc (in /usr/lib/x86_64-linux-gnu/valgrind/vgpreload_memcheck-amd64-linux.so)
==1918201==    by 0x4ABB642: _nc_tparm_analyze (in /usr/lib/x86_64-linux-gnu/libtinfo.so.6.2)
==1918201==    by 0x4ABB8CB: tparm (in /usr/lib/x86_64-linux-gnu/libtinfo.so.6.2)
==1918201==    by 0x4AC13E4: ??? (in /usr/lib/x86_64-linux-gnu/libtinfo.so.6.2)
==1918201==    by 0x4AC1659: _nc_trim_sgr0 (in /usr/lib/x86_64-linux-gnu/libtinfo.so.6.2)
==1918201==    by 0x4ABA638: tgetent_sp (in /usr/lib/x86_64-linux-gnu/libtinfo.so.6.2)
==1918201==    by 0x489575B: _rl_init_terminal_io (in /usr/lib/x86_64-linux-gnu/libreadline.so.8.0)
==1918201==    by 0x487A1FF: rl_initialize (in /usr/lib/x86_64-linux-gnu/libreadline.so.8.0)
==1918201==    by 0x487A4AF: readline (in /usr/lib/x86_64-linux-gnu/libreadline.so.8.0)
==1918201==    by 0x4013CF: main (main.c:53)
==1918201== 
{
   <insert_a_suppression_name_here>
   Memcheck:Leak
   match-leak-kinds: reachable
   fun:malloc
   fun:_nc_tparm_analyze
   fun:tparm
   obj:/usr/lib/x86_64-linux-gnu/libtinfo.so.6.2
   fun:_nc_trim_sgr0
   fun:tgetent_sp
   fun:_rl_init_terminal_io
   fun:rl_initialize
   fun:readline
   fun:main
}
==1918201== 101 bytes in 1 blocks are still reachable in loss record 17 of 57
==1918201==    at 0x483B7F3: malloc (in /usr/lib/x86_64-linux-gnu/valgrind/vgpreload_memcheck-amd64-linux.so)
==1918201==    by 0x4AB6E94: _nc_first_db (in /usr/lib/x86_64-linux-gnu/libtinfo.so.6.2)
==1918201==    by 0x4AC0F8E: _nc_read_entry2 (in /usr/lib/x86_64-linux-gnu/libtinfo.so.6.2)
==1918201==    by 0x4AB9AF5: ??? (in /usr/lib/x86_64-linux-gnu/libtinfo.so.6.2)
==1918201==    by 0x4AB9F04: _nc_setupterm (in /usr/lib/x86_64-linux-gnu/libtinfo.so.6.2)
==1918201==    by 0x4ABA459: tgetent_sp (in /usr/lib/x86_64-linux-gnu/libtinfo.so.6.2)
==1918201==    by 0x489575B: _rl_init_terminal_io (in /usr/lib/x86_64-linux-gnu/libreadline.so.8.0)
==1918201==    by 0x487A1FF: rl_initialize (in /usr/lib/x86_64-linux-gnu/libreadline.so.8.0)
==1918201==    by 0x487A4AF: readline (in /usr/lib/x86_64-linux-gnu/libreadline.so.8.0)
==1918201==    by 0x4013CF: main (main.c:53)
==1918201== 
{
   <insert_a_suppression_name_here>
   Memcheck:Leak
   match-leak-kinds: reachable
   fun:malloc
   fun:_nc_first_db
   fun:_nc_read_entry2
   obj:/usr/lib/x86_64-linux-gnu/libtinfo.so.6.2
   fun:_nc_setupterm
   fun:tgetent_sp
   fun:_rl_init_terminal_io
   fun:rl_initialize
   fun:readline
   fun:main
}
==1918201== 156 bytes in 1 blocks are still reachable in loss record 18 of 57
==1918201==    at 0x483DFAF: realloc (in /usr/lib/x86_64-linux-gnu/valgrind/vgpreload_memcheck-amd64-linux.so)
==1918201==    by 0x4AB73B7: _nc_doalloc (in /usr/lib/x86_64-linux-gnu/libtinfo.so.6.2)
==1918201==    by 0x4AC0692: _nc_read_termtype (in /usr/lib/x86_64-linux-gnu/libtinfo.so.6.2)
==1918201==    by 0x4AC0A8C: ??? (in /usr/lib/x86_64-linux-gnu/libtinfo.so.6.2)
==1918201==    by 0x4AC0E83: ??? (in /usr/lib/x86_64-linux-gnu/libtinfo.so.6.2)
==1918201==    by 0x4AC0FB4: _nc_read_entry2 (in /usr/lib/x86_64-linux-gnu/libtinfo.so.6.2)
==1918201==    by 0x4AB9AF5: ??? (in /usr/lib/x86_64-linux-gnu/libtinfo.so.6.2)
==1918201==    by 0x4AB9F04: _nc_setupterm (in /usr/lib/x86_64-linux-gnu/libtinfo.so.6.2)
==1918201==    by 0x4ABA459: tgetent_sp (in /usr/lib/x86_64-linux-gnu/libtinfo.so.6.2)
==1918201==    by 0x489575B: _rl_init_terminal_io (in /usr/lib/x86_64-linux-gnu/libreadline.so.8.0)
==1918201==    by 0x487A1FF: rl_initialize (in /usr/lib/x86_64-linux-gnu/libreadline.so.8.0)
==1918201==    by 0x487A4AF: readline (in /usr/lib/x86_64-linux-gnu/libreadline.so.8.0)
==1918201== 
{
   <insert_a_suppression_name_here>
   Memcheck:Leak
   match-leak-kinds: reachable
   fun:realloc
   fun:_nc_doalloc
   fun:_nc_read_termtype
   obj:/usr/lib/x86_64-linux-gnu/libtinfo.so.6.2
   obj:/usr/lib/x86_64-linux-gnu/libtinfo.so.6.2
   fun:_nc_read_entry2
   obj:/usr/lib/x86_64-linux-gnu/libtinfo.so.6.2
   fun:_nc_setupterm
   fun:tgetent_sp
   fun:_rl_init_terminal_io
   fun:rl_initialize
   fun:readline
}
==1918201== 256 bytes in 1 blocks are still reachable in loss record 19 of 57
==1918201==    at 0x483B7F3: malloc (in /usr/lib/x86_64-linux-gnu/valgrind/vgpreload_memcheck-amd64-linux.so)
==1918201==    by 0x48A000C: xmalloc (in /usr/lib/x86_64-linux-gnu/libreadline.so.8.0)
==1918201==    by 0x487A466: rl_initialize (in /usr/lib/x86_64-linux-gnu/libreadline.so.8.0)
==1918201==    by 0x487A4AF: readline (in /usr/lib/x86_64-linux-gnu/libreadline.so.8.0)
==1918201==    by 0x4013CF: main (main.c:53)
==1918201== 
{
   <insert_a_suppression_name_here>
   Memcheck:Leak
   match-leak-kinds: reachable
   fun:malloc
   fun:xmalloc
   fun:rl_initialize
   fun:readline
   fun:main
}
==1918201== 280 bytes in 1 blocks are still reachable in loss record 20 of 57
==1918201==    at 0x483DD99: calloc (in /usr/lib/x86_64-linux-gnu/valgrind/vgpreload_memcheck-amd64-linux.so)
==1918201==    by 0x4AB9EB7: _nc_setupterm (in /usr/lib/x86_64-linux-gnu/libtinfo.so.6.2)
==1918201==    by 0x4ABA459: tgetent_sp (in /usr/lib/x86_64-linux-gnu/libtinfo.so.6.2)
==1918201==    by 0x489575B: _rl_init_terminal_io (in /usr/lib/x86_64-linux-gnu/libreadline.so.8.0)
==1918201==    by 0x487A1FF: rl_initialize (in /usr/lib/x86_64-linux-gnu/libreadline.so.8.0)
==1918201==    by 0x487A4AF: readline (in /usr/lib/x86_64-linux-gnu/libreadline.so.8.0)
==1918201==    by 0x4013CF: main (main.c:53)
==1918201== 
{
   <insert_a_suppression_name_here>
   Memcheck:Leak
   match-leak-kinds: reachable
   fun:calloc
   fun:_nc_setupterm
   fun:tgetent_sp
   fun:_rl_init_terminal_io
   fun:rl_initialize
   fun:readline
   fun:main
}
==1918201== 496 bytes in 1 blocks are still reachable in loss record 21 of 57
==1918201==    at 0x483DD99: calloc (in /usr/lib/x86_64-linux-gnu/valgrind/vgpreload_memcheck-amd64-linux.so)
==1918201==    by 0x4AC08FB: _nc_read_termtype (in /usr/lib/x86_64-linux-gnu/libtinfo.so.6.2)
==1918201==    by 0x4AC0A8C: ??? (in /usr/lib/x86_64-linux-gnu/libtinfo.so.6.2)
==1918201==    by 0x4AC0E83: ??? (in /usr/lib/x86_64-linux-gnu/libtinfo.so.6.2)
==1918201==    by 0x4AC0FB4: _nc_read_entry2 (in /usr/lib/x86_64-linux-gnu/libtinfo.so.6.2)
==1918201==    by 0x4AB9AF5: ??? (in /usr/lib/x86_64-linux-gnu/libtinfo.so.6.2)
==1918201==    by 0x4AB9F04: _nc_setupterm (in /usr/lib/x86_64-linux-gnu/libtinfo.so.6.2)
==1918201==    by 0x4ABA459: tgetent_sp (in /usr/lib/x86_64-linux-gnu/libtinfo.so.6.2)
==1918201==    by 0x489575B: _rl_init_terminal_io (in /usr/lib/x86_64-linux-gnu/libreadline.so.8.0)
==1918201==    by 0x487A1FF: rl_initialize (in /usr/lib/x86_64-linux-gnu/libreadline.so.8.0)
==1918201==    by 0x487A4AF: readline (in /usr/lib/x86_64-linux-gnu/libreadline.so.8.0)
==1918201==    by 0x4013CF: main (main.c:53)
==1918201== 
{
   <insert_a_suppression_name_here>
   Memcheck:Leak
   match-leak-kinds: reachable
   fun:calloc
   fun:_nc_read_termtype
   obj:/usr/lib/x86_64-linux-gnu/libtinfo.so.6.2
   obj:/usr/lib/x86_64-linux-gnu/libtinfo.so.6.2
   fun:_nc_read_entry2
   obj:/usr/lib/x86_64-linux-gnu/libtinfo.so.6.2
   fun:_nc_setupterm
   fun:tgetent_sp
   fun:_rl_init_terminal_io
   fun:rl_initialize
   fun:readline
   fun:main
}
==1918201== 496 bytes in 1 blocks are still reachable in loss record 22 of 57
==1918201==    at 0x483B7F3: malloc (in /usr/lib/x86_64-linux-gnu/valgrind/vgpreload_memcheck-amd64-linux.so)
==1918201==    by 0x4AB5399: ??? (in /usr/lib/x86_64-linux-gnu/libtinfo.so.6.2)
==1918201==    by 0x4AB9F1B: _nc_setupterm (in /usr/lib/x86_64-linux-gnu/libtinfo.so.6.2)
==1918201==    by 0x4ABA459: tgetent_sp (in /usr/lib/x86_64-linux-gnu/libtinfo.so.6.2)
==1918201==    by 0x489575B: _rl_init_terminal_io (in /usr/lib/x86_64-linux-gnu/libreadline.so.8.0)
==1918201==    by 0x487A1FF: rl_initialize (in /usr/lib/x86_64-linux-gnu/libreadline.so.8.0)
==1918201==    by 0x487A4AF: readline (in /usr/lib/x86_64-linux-gnu/libreadline.so.8.0)
==1918201==    by 0x4013CF: main (main.c:53)
==1918201== 
{
   <insert_a_suppression_name_here>
   Memcheck:Leak
   match-leak-kinds: reachable
   fun:malloc
   obj:/usr/lib/x86_64-linux-gnu/libtinfo.so.6.2
   fun:_nc_setupterm
   fun:tgetent_sp
   fun:_rl_init_terminal_io
   fun:rl_initialize
   fun:readline
   fun:main
}
==1918201== 755 bytes in 1 blocks are still reachable in loss record 23 of 57
==1918201==    at 0x483B7F3: malloc (in /usr/lib/x86_64-linux-gnu/valgrind/vgpreload_memcheck-amd64-linux.so)
==1918201==    by 0x4AC097B: _nc_read_termtype (in /usr/lib/x86_64-linux-gnu/libtinfo.so.6.2)
==1918201==    by 0x4AC0A8C: ??? (in /usr/lib/x86_64-linux-gnu/libtinfo.so.6.2)
==1918201==    by 0x4AC0E83: ??? (in /usr/lib/x86_64-linux-gnu/libtinfo.so.6.2)
==1918201==    by 0x4AC0FB4: _nc_read_entry2 (in /usr/lib/x86_64-linux-gnu/libtinfo.so.6.2)
==1918201==    by 0x4AB9AF5: ??? (in /usr/lib/x86_64-linux-gnu/libtinfo.so.6.2)
==1918201==    by 0x4AB9F04: _nc_setupterm (in /usr/lib/x86_64-linux-gnu/libtinfo.so.6.2)
==1918201==    by 0x4ABA459: tgetent_sp (in /usr/lib/x86_64-linux-gnu/libtinfo.so.6.2)
==1918201==    by 0x489575B: _rl_init_terminal_io (in /usr/lib/x86_64-linux-gnu/libreadline.so.8.0)
==1918201==    by 0x487A1FF: rl_initialize (in /usr/lib/x86_64-linux-gnu/libreadline.so.8.0)
==1918201==    by 0x487A4AF: readline (in /usr/lib/x86_64-linux-gnu/libreadline.so.8.0)
==1918201==    by 0x4013CF: main (main.c:53)
==1918201== 
{
   <insert_a_suppression_name_here>
   Memcheck:Leak
   match-leak-kinds: reachable
   fun:malloc
   fun:_nc_read_termtype
   obj:/usr/lib/x86_64-linux-gnu/libtinfo.so.6.2
   obj:/usr/lib/x86_64-linux-gnu/libtinfo.so.6.2
   fun:_nc_read_entry2
   obj:/usr/lib/x86_64-linux-gnu/libtinfo.so.6.2
   fun:_nc_setupterm
   fun:tgetent_sp
   fun:_rl_init_terminal_io
   fun:rl_initialize
   fun:readline
   fun:main
}
==1918201== 1,024 bytes in 1 blocks are still reachable in loss record 24 of 57
==1918201==    at 0x483B7F3: malloc (in /usr/lib/x86_64-linux-gnu/valgrind/vgpreload_memcheck-amd64-linux.so)
==1918201==    by 0x48A000C: xmalloc (in /usr/lib/x86_64-linux-gnu/libreadline.so.8.0)
==1918201==    by 0x488AB8A: ??? (in /usr/lib/x86_64-linux-gnu/libreadline.so.8.0)
==1918201==    by 0x48900E6: rl_redisplay (in /usr/lib/x86_64-linux-gnu/libreadline.so.8.0)
==1918201==    by 0x48790F6: readline_internal_setup (in /usr/lib/x86_64-linux-gnu/libreadline.so.8.0)
==1918201==    by 0x487A4D3: readline (in /usr/lib/x86_64-linux-gnu/libreadline.so.8.0)
==1918201==    by 0x4013CF: main (main.c:53)
==1918201== 
{
   <insert_a_suppression_name_here>
   Memcheck:Leak
   match-leak-kinds: reachable
   fun:malloc
   fun:xmalloc
   obj:/usr/lib/x86_64-linux-gnu/libreadline.so.8.0
   fun:rl_redisplay
   fun:readline_internal_setup
   fun:readline
   fun:main
}
==1918201== 1,024 bytes in 1 blocks are still reachable in loss record 25 of 57
==1918201==    at 0x483B7F3: malloc (in /usr/lib/x86_64-linux-gnu/valgrind/vgpreload_memcheck-amd64-linux.so)
==1918201==    by 0x48A000C: xmalloc (in /usr/lib/x86_64-linux-gnu/libreadline.so.8.0)
==1918201==    by 0x488ABA0: ??? (in /usr/lib/x86_64-linux-gnu/libreadline.so.8.0)
==1918201==    by 0x48900E6: rl_redisplay (in /usr/lib/x86_64-linux-gnu/libreadline.so.8.0)
==1918201==    by 0x48790F6: readline_internal_setup (in /usr/lib/x86_64-linux-gnu/libreadline.so.8.0)
==1918201==    by 0x487A4D3: readline (in /usr/lib/x86_64-linux-gnu/libreadline.so.8.0)
==1918201==    by 0x4013CF: main (main.c:53)
==1918201== 
{
   <insert_a_suppression_name_here>
   Memcheck:Leak
   match-leak-kinds: reachable
   fun:malloc
   fun:xmalloc
   obj:/usr/lib/x86_64-linux-gnu/libreadline.so.8.0
   fun:rl_redisplay
   fun:readline_internal_setup
   fun:readline
   fun:main
}
==1918201== 1,024 bytes in 1 blocks are still reachable in loss record 26 of 57
==1918201==    at 0x483B7F3: malloc (in /usr/lib/x86_64-linux-gnu/valgrind/vgpreload_memcheck-amd64-linux.so)
==1918201==    by 0x48A000C: xmalloc (in /usr/lib/x86_64-linux-gnu/libreadline.so.8.0)
==1918201==    by 0x488ABE8: ??? (in /usr/lib/x86_64-linux-gnu/libreadline.so.8.0)
==1918201==    by 0x48900E6: rl_redisplay (in /usr/lib/x86_64-linux-gnu/libreadline.so.8.0)
==1918201==    by 0x48790F6: readline_internal_setup (in /usr/lib/x86_64-linux-gnu/libreadline.so.8.0)
==1918201==    by 0x487A4D3: readline (in /usr/lib/x86_64-linux-gnu/libreadline.so.8.0)
==1918201==    by 0x4013CF: main (main.c:53)
==1918201== 
{
   <insert_a_suppression_name_here>
   Memcheck:Leak
   match-leak-kinds: reachable
   fun:malloc
   fun:xmalloc
   obj:/usr/lib/x86_64-linux-gnu/libreadline.so.8.0
   fun:rl_redisplay
   fun:readline_internal_setup
   fun:readline
   fun:main
}
==1918201== 1,024 bytes in 1 blocks are still reachable in loss record 27 of 57
==1918201==    at 0x483B7F3: malloc (in /usr/lib/x86_64-linux-gnu/valgrind/vgpreload_memcheck-amd64-linux.so)
==1918201==    by 0x48A000C: xmalloc (in /usr/lib/x86_64-linux-gnu/libreadline.so.8.0)
==1918201==    by 0x488AC07: ??? (in /usr/lib/x86_64-linux-gnu/libreadline.so.8.0)
==1918201==    by 0x48900E6: rl_redisplay (in /usr/lib/x86_64-linux-gnu/libreadline.so.8.0)
==1918201==    by 0x48790F6: readline_internal_setup (in /usr/lib/x86_64-linux-gnu/libreadline.so.8.0)
==1918201==    by 0x487A4D3: readline (in /usr/lib/x86_64-linux-gnu/libreadline.so.8.0)
==1918201==    by 0x4013CF: main (main.c:53)
==1918201== 
{
   <insert_a_suppression_name_here>
   Memcheck:Leak
   match-leak-kinds: reachable
   fun:malloc
   fun:xmalloc
   obj:/usr/lib/x86_64-linux-gnu/libreadline.so.8.0
   fun:rl_redisplay
   fun:readline_internal_setup
   fun:readline
   fun:main
}
==1918201== 1,024 bytes in 1 blocks are still reachable in loss record 28 of 57
==1918201==    at 0x483B7F3: malloc (in /usr/lib/x86_64-linux-gnu/valgrind/vgpreload_memcheck-amd64-linux.so)
==1918201==    by 0x48A000C: xmalloc (in /usr/lib/x86_64-linux-gnu/libreadline.so.8.0)
==1918201==    by 0x488AC1F: ??? (in /usr/lib/x86_64-linux-gnu/libreadline.so.8.0)
==1918201==    by 0x48900E6: rl_redisplay (in /usr/lib/x86_64-linux-gnu/libreadline.so.8.0)
==1918201==    by 0x48790F6: readline_internal_setup (in /usr/lib/x86_64-linux-gnu/libreadline.so.8.0)
==1918201==    by 0x487A4D3: readline (in /usr/lib/x86_64-linux-gnu/libreadline.so.8.0)
==1918201==    by 0x4013CF: main (main.c:53)
==1918201== 
{
   <insert_a_suppression_name_here>
   Memcheck:Leak
   match-leak-kinds: reachable
   fun:malloc
   fun:xmalloc
   obj:/usr/lib/x86_64-linux-gnu/libreadline.so.8.0
   fun:rl_redisplay
   fun:readline_internal_setup
   fun:readline
   fun:main
}
==1918201== 1,024 bytes in 1 blocks are still reachable in loss record 29 of 57
==1918201==    at 0x483B7F3: malloc (in /usr/lib/x86_64-linux-gnu/valgrind/vgpreload_memcheck-amd64-linux.so)
==1918201==    by 0x48A000C: xmalloc (in /usr/lib/x86_64-linux-gnu/libreadline.so.8.0)
==1918201==    by 0x488AC37: ??? (in /usr/lib/x86_64-linux-gnu/libreadline.so.8.0)
==1918201==    by 0x48900E6: rl_redisplay (in /usr/lib/x86_64-linux-gnu/libreadline.so.8.0)
==1918201==    by 0x48790F6: readline_internal_setup (in /usr/lib/x86_64-linux-gnu/libreadline.so.8.0)
==1918201==    by 0x487A4D3: readline (in /usr/lib/x86_64-linux-gnu/libreadline.so.8.0)
==1918201==    by 0x4013CF: main (main.c:53)
==1918201== 
{
   <insert_a_suppression_name_here>
   Memcheck:Leak
   match-leak-kinds: reachable
   fun:malloc
   fun:xmalloc
   obj:/usr/lib/x86_64-linux-gnu/libreadline.so.8.0
   fun:rl_redisplay
   fun:readline_internal_setup
   fun:readline
   fun:main
}
==1918201== 1,536 bytes in 1 blocks are still reachable in loss record 30 of 57
==1918201==    at 0x483DFAF: realloc (in /usr/lib/x86_64-linux-gnu/valgrind/vgpreload_memcheck-amd64-linux.so)
==1918201==    by 0x48A0041: xrealloc (in /usr/lib/x86_64-linux-gnu/libreadline.so.8.0)
==1918201==    by 0x487E944: rl_add_funmap_entry (in /usr/lib/x86_64-linux-gnu/libreadline.so.8.0)
==1918201==    by 0x487E998: rl_initialize_funmap (in /usr/lib/x86_64-linux-gnu/libreadline.so.8.0)
==1918201==    by 0x487A21C: rl_initialize (in /usr/lib/x86_64-linux-gnu/libreadline.so.8.0)
==1918201==    by 0x487A4AF: readline (in /usr/lib/x86_64-linux-gnu/libreadline.so.8.0)
==1918201==    by 0x4013CF: main (main.c:53)
==1918201== 
{
   <insert_a_suppression_name_here>
   Memcheck:Leak
   match-leak-kinds: reachable
   fun:realloc
   fun:xrealloc
   fun:rl_add_funmap_entry
   fun:rl_initialize_funmap
   fun:rl_initialize
   fun:readline
   fun:main
}
==1918201== 1,556 bytes in 1 blocks are still reachable in loss record 31 of 57
==1918201==    at 0x483B7F3: malloc (in /usr/lib/x86_64-linux-gnu/valgrind/vgpreload_memcheck-amd64-linux.so)
==1918201==    by 0x4ABFFF2: _nc_read_termtype (in /usr/lib/x86_64-linux-gnu/libtinfo.so.6.2)
==1918201==    by 0x4AC0A8C: ??? (in /usr/lib/x86_64-linux-gnu/libtinfo.so.6.2)
==1918201==    by 0x4AC0E83: ??? (in /usr/lib/x86_64-linux-gnu/libtinfo.so.6.2)
==1918201==    by 0x4AC0FB4: _nc_read_entry2 (in /usr/lib/x86_64-linux-gnu/libtinfo.so.6.2)
==1918201==    by 0x4AB9AF5: ??? (in /usr/lib/x86_64-linux-gnu/libtinfo.so.6.2)
==1918201==    by 0x4AB9F04: _nc_setupterm (in /usr/lib/x86_64-linux-gnu/libtinfo.so.6.2)
==1918201==    by 0x4ABA459: tgetent_sp (in /usr/lib/x86_64-linux-gnu/libtinfo.so.6.2)
==1918201==    by 0x489575B: _rl_init_terminal_io (in /usr/lib/x86_64-linux-gnu/libreadline.so.8.0)
==1918201==    by 0x487A1FF: rl_initialize (in /usr/lib/x86_64-linux-gnu/libreadline.so.8.0)
==1918201==    by 0x487A4AF: readline (in /usr/lib/x86_64-linux-gnu/libreadline.so.8.0)
==1918201==    by 0x4013CF: main (main.c:53)
==1918201== 
{
   <insert_a_suppression_name_here>
   Memcheck:Leak
   match-leak-kinds: reachable
   fun:malloc
   fun:_nc_read_termtype
   obj:/usr/lib/x86_64-linux-gnu/libtinfo.so.6.2
   obj:/usr/lib/x86_64-linux-gnu/libtinfo.so.6.2
   fun:_nc_read_entry2
   obj:/usr/lib/x86_64-linux-gnu/libtinfo.so.6.2
   fun:_nc_setupterm
   fun:tgetent_sp
   fun:_rl_init_terminal_io
   fun:rl_initialize
   fun:readline
   fun:main
}
==1918201== 2,032 bytes in 1 blocks are still reachable in loss record 32 of 57
==1918201==    at 0x483B7F3: malloc (in /usr/lib/x86_64-linux-gnu/valgrind/vgpreload_memcheck-amd64-linux.so)
==1918201==    by 0x48A000C: xmalloc (in /usr/lib/x86_64-linux-gnu/libreadline.so.8.0)
==1918201==    by 0x4895999: _rl_init_terminal_io (in /usr/lib/x86_64-linux-gnu/libreadline.so.8.0)
==1918201==    by 0x487A1FF: rl_initialize (in /usr/lib/x86_64-linux-gnu/libreadline.so.8.0)
==1918201==    by 0x487A4AF: readline (in /usr/lib/x86_64-linux-gnu/libreadline.so.8.0)
==1918201==    by 0x4013CF: main (main.c:53)
==1918201== 
{
   <insert_a_suppression_name_here>
   Memcheck:Leak
   match-leak-kinds: reachable
   fun:malloc
   fun:xmalloc
   fun:_rl_init_terminal_io
   fun:rl_initialize
   fun:readline
   fun:main
}
==1918201== 2,208 bytes in 138 blocks are still reachable in loss record 33 of 57
==1918201==    at 0x483B7F3: malloc (in /usr/lib/x86_64-linux-gnu/valgrind/vgpreload_memcheck-amd64-linux.so)
==1918201==    by 0x48A000C: xmalloc (in /usr/lib/x86_64-linux-gnu/libreadline.so.8.0)
==1918201==    by 0x487E8F0: rl_add_funmap_entry (in /usr/lib/x86_64-linux-gnu/libreadline.so.8.0)
==1918201==    by 0x487E998: rl_initialize_funmap (in /usr/lib/x86_64-linux-gnu/libreadline.so.8.0)
==1918201==    by 0x487A21C: rl_initialize (in /usr/lib/x86_64-linux-gnu/libreadline.so.8.0)
==1918201==    by 0x487A4AF: readline (in /usr/lib/x86_64-linux-gnu/libreadline.so.8.0)
==1918201==    by 0x4013CF: main (main.c:53)
==1918201== 
{
   <insert_a_suppression_name_here>
   Memcheck:Leak
   match-leak-kinds: reachable
   fun:malloc
   fun:xmalloc
   fun:rl_add_funmap_entry
   fun:rl_initialize_funmap
   fun:rl_initialize
   fun:readline
   fun:main
}
==1918201== 3,792 bytes in 1 blocks are still reachable in loss record 34 of 57
==1918201==    at 0x483DFAF: realloc (in /usr/lib/x86_64-linux-gnu/valgrind/vgpreload_memcheck-amd64-linux.so)
==1918201==    by 0x4AB73B7: _nc_doalloc (in /usr/lib/x86_64-linux-gnu/libtinfo.so.6.2)
==1918201==    by 0x4AC06B0: _nc_read_termtype (in /usr/lib/x86_64-linux-gnu/libtinfo.so.6.2)
==1918201==    by 0x4AC0A8C: ??? (in /usr/lib/x86_64-linux-gnu/libtinfo.so.6.2)
==1918201==    by 0x4AC0E83: ??? (in /usr/lib/x86_64-linux-gnu/libtinfo.so.6.2)
==1918201==    by 0x4AC0FB4: _nc_read_entry2 (in /usr/lib/x86_64-linux-gnu/libtinfo.so.6.2)
==1918201==    by 0x4AB9AF5: ??? (in /usr/lib/x86_64-linux-gnu/libtinfo.so.6.2)
==1918201==    by 0x4AB9F04: _nc_setupterm (in /usr/lib/x86_64-linux-gnu/libtinfo.so.6.2)
==1918201==    by 0x4ABA459: tgetent_sp (in /usr/lib/x86_64-linux-gnu/libtinfo.so.6.2)
==1918201==    by 0x489575B: _rl_init_terminal_io (in /usr/lib/x86_64-linux-gnu/libreadline.so.8.0)
==1918201==    by 0x487A1FF: rl_initialize (in /usr/lib/x86_64-linux-gnu/libreadline.so.8.0)
==1918201==    by 0x487A4AF: readline (in /usr/lib/x86_64-linux-gnu/libreadline.so.8.0)
==1918201== 
{
   <insert_a_suppression_name_here>
   Memcheck:Leak
   match-leak-kinds: reachable
   fun:realloc
   fun:_nc_doalloc
   fun:_nc_read_termtype
   obj:/usr/lib/x86_64-linux-gnu/libtinfo.so.6.2
   obj:/usr/lib/x86_64-linux-gnu/libtinfo.so.6.2
   fun:_nc_read_entry2
   obj:/usr/lib/x86_64-linux-gnu/libtinfo.so.6.2
   fun:_nc_setupterm
   fun:tgetent_sp
   fun:_rl_init_terminal_io
   fun:rl_initialize
   fun:readline
}
==1918201== 3,792 bytes in 1 blocks are still reachable in loss record 35 of 57
==1918201==    at 0x483B7F3: malloc (in /usr/lib/x86_64-linux-gnu/valgrind/vgpreload_memcheck-amd64-linux.so)
==1918201==    by 0x4AB526F: ??? (in /usr/lib/x86_64-linux-gnu/libtinfo.so.6.2)
==1918201==    by 0x4AB9F1B: _nc_setupterm (in /usr/lib/x86_64-linux-gnu/libtinfo.so.6.2)
==1918201==    by 0x4ABA459: tgetent_sp (in /usr/lib/x86_64-linux-gnu/libtinfo.so.6.2)
==1918201==    by 0x489575B: _rl_init_terminal_io (in /usr/lib/x86_64-linux-gnu/libreadline.so.8.0)
==1918201==    by 0x487A1FF: rl_initialize (in /usr/lib/x86_64-linux-gnu/libreadline.so.8.0)
==1918201==    by 0x487A4AF: readline (in /usr/lib/x86_64-linux-gnu/libreadline.so.8.0)
==1918201==    by 0x4013CF: main (main.c:53)
==1918201== 
{
   <insert_a_suppression_name_here>
   Memcheck:Leak
   match-leak-kinds: reachable
   fun:malloc
   obj:/usr/lib/x86_64-linux-gnu/libtinfo.so.6.2
   fun:_nc_setupterm
   fun:tgetent_sp
   fun:_rl_init_terminal_io
   fun:rl_initialize
   fun:readline
   fun:main
}
==1918201== 4,080 bytes in 1 blocks are still reachable in loss record 36 of 57
==1918201==    at 0x483B7F3: malloc (in /usr/lib/x86_64-linux-gnu/valgrind/vgpreload_memcheck-amd64-linux.so)
==1918201==    by 0x48A000C: xmalloc (in /usr/lib/x86_64-linux-gnu/libreadline.so.8.0)
==1918201==    by 0x48959B9: _rl_init_terminal_io (in /usr/lib/x86_64-linux-gnu/libreadline.so.8.0)
==1918201==    by 0x487A1FF: rl_initialize (in /usr/lib/x86_64-linux-gnu/libreadline.so.8.0)
==1918201==    by 0x487A4AF: readline (in /usr/lib/x86_64-linux-gnu/libreadline.so.8.0)
==1918201==    by 0x4013CF: main (main.c:53)
==1918201== 
{
   <insert_a_suppression_name_here>
   Memcheck:Leak
   match-leak-kinds: reachable
   fun:malloc
   fun:xmalloc
   fun:_rl_init_terminal_io
   fun:rl_initialize
   fun:readline
   fun:main
}
==1918201== 4,112 bytes in 1 blocks are still reachable in loss record 37 of 57
==1918201==    at 0x483B7F3: malloc (in /usr/lib/x86_64-linux-gnu/valgrind/vgpreload_memcheck-amd64-linux.so)
==1918201==    by 0x48A000C: xmalloc (in /usr/lib/x86_64-linux-gnu/libreadline.so.8.0)
==1918201==    by 0x487EA91: rl_make_bare_keymap (in /usr/lib/x86_64-linux-gnu/libreadline.so.8.0)
==1918201==    by 0x4885D79: rl_generic_bind (in /usr/lib/x86_64-linux-gnu/libreadline.so.8.0)
==1918201==    by 0x4886F1D: rl_bind_keyseq_if_unbound_in_map (in /usr/lib/x86_64-linux-gnu/libreadline.so.8.0)
==1918201==    by 0x4894F45: ??? (in /usr/lib/x86_64-linux-gnu/libreadline.so.8.0)
==1918201==    by 0x4895897: _rl_init_terminal_io (in /usr/lib/x86_64-linux-gnu/libreadline.so.8.0)
==1918201==    by 0x487A1FF: rl_initialize (in /usr/lib/x86_64-linux-gnu/libreadline.so.8.0)
==1918201==    by 0x487A4AF: readline (in /usr/lib/x86_64-linux-gnu/libreadline.so.8.0)
==1918201==    by 0x4013CF: main (main.c:53)
==1918201== 
{
   <insert_a_suppression_name_here>
   Memcheck:Leak
   match-leak-kinds: reachable
   fun:malloc
   fun:xmalloc
   fun:rl_make_bare_keymap
   fun:rl_generic_bind
   fun:rl_bind_keyseq_if_unbound_in_map
   obj:/usr/lib/x86_64-linux-gnu/libreadline.so.8.0
   fun:_rl_init_terminal_io
   fun:rl_initialize
   fun:readline
   fun:main
}
==1918201== 4,112 bytes in 1 blocks are still reachable in loss record 38 of 57
==1918201==    at 0x483B7F3: malloc (in /usr/lib/x86_64-linux-gnu/valgrind/vgpreload_memcheck-amd64-linux.so)
==1918201==    by 0x48A000C: xmalloc (in /usr/lib/x86_64-linux-gnu/libreadline.so.8.0)
==1918201==    by 0x487EA91: rl_make_bare_keymap (in /usr/lib/x86_64-linux-gnu/libreadline.so.8.0)
==1918201==    by 0x4885D79: rl_generic_bind (in /usr/lib/x86_64-linux-gnu/libreadline.so.8.0)
==1918201==    by 0x4886F1D: rl_bind_keyseq_if_unbound_in_map (in /usr/lib/x86_64-linux-gnu/libreadline.so.8.0)
==1918201==    by 0x4894FCA: ??? (in /usr/lib/x86_64-linux-gnu/libreadline.so.8.0)
==1918201==    by 0x4895897: _rl_init_terminal_io (in /usr/lib/x86_64-linux-gnu/libreadline.so.8.0)
==1918201==    by 0x487A1FF: rl_initialize (in /usr/lib/x86_64-linux-gnu/libreadline.so.8.0)
==1918201==    by 0x487A4AF: readline (in /usr/lib/x86_64-linux-gnu/libreadline.so.8.0)
==1918201==    by 0x4013CF: main (main.c:53)
==1918201== 
{
   <insert_a_suppression_name_here>
   Memcheck:Leak
   match-leak-kinds: reachable
   fun:malloc
   fun:xmalloc
   fun:rl_make_bare_keymap
   fun:rl_generic_bind
   fun:rl_bind_keyseq_if_unbound_in_map
   obj:/usr/lib/x86_64-linux-gnu/libreadline.so.8.0
   fun:_rl_init_terminal_io
   fun:rl_initialize
   fun:readline
   fun:main
}
==1918201== 4,112 bytes in 1 blocks are still reachable in loss record 39 of 57
==1918201==    at 0x483B7F3: malloc (in /usr/lib/x86_64-linux-gnu/valgrind/vgpreload_memcheck-amd64-linux.so)
==1918201==    by 0x48A000C: xmalloc (in /usr/lib/x86_64-linux-gnu/libreadline.so.8.0)
==1918201==    by 0x487EA91: rl_make_bare_keymap (in /usr/lib/x86_64-linux-gnu/libreadline.so.8.0)
==1918201==    by 0x4885D79: rl_generic_bind (in /usr/lib/x86_64-linux-gnu/libreadline.so.8.0)
==1918201==    by 0x4886F1D: rl_bind_keyseq_if_unbound_in_map (in /usr/lib/x86_64-linux-gnu/libreadline.so.8.0)
==1918201==    by 0x4894FCA: ??? (in /usr/lib/x86_64-linux-gnu/libreadline.so.8.0)
==1918201==    by 0x48958A3: _rl_init_terminal_io (in /usr/lib/x86_64-linux-gnu/libreadline.so.8.0)
==1918201==    by 0x487A1FF: rl_initialize (in /usr/lib/x86_64-linux-gnu/libreadline.so.8.0)
==1918201==    by 0x487A4AF: readline (in /usr/lib/x86_64-linux-gnu/libreadline.so.8.0)
==1918201==    by 0x4013CF: main (main.c:53)
==1918201== 
{
   <insert_a_suppression_name_here>
   Memcheck:Leak
   match-leak-kinds: reachable
   fun:malloc
   fun:xmalloc
   fun:rl_make_bare_keymap
   fun:rl_generic_bind
   fun:rl_bind_keyseq_if_unbound_in_map
   obj:/usr/lib/x86_64-linux-gnu/libreadline.so.8.0
   fun:_rl_init_terminal_io
   fun:rl_initialize
   fun:readline
   fun:main
}
==1918201== 4,112 bytes in 1 blocks are still reachable in loss record 40 of 57
==1918201==    at 0x483B7F3: malloc (in /usr/lib/x86_64-linux-gnu/valgrind/vgpreload_memcheck-amd64-linux.so)
==1918201==    by 0x48A000C: xmalloc (in /usr/lib/x86_64-linux-gnu/libreadline.so.8.0)
==1918201==    by 0x487EA91: rl_make_bare_keymap (in /usr/lib/x86_64-linux-gnu/libreadline.so.8.0)
==1918201==    by 0x4885D79: rl_generic_bind (in /usr/lib/x86_64-linux-gnu/libreadline.so.8.0)
==1918201==    by 0x4886F1D: rl_bind_keyseq_if_unbound_in_map (in /usr/lib/x86_64-linux-gnu/libreadline.so.8.0)
==1918201==    by 0x4894FCA: ??? (in /usr/lib/x86_64-linux-gnu/libreadline.so.8.0)
==1918201==    by 0x48958AF: _rl_init_terminal_io (in /usr/lib/x86_64-linux-gnu/libreadline.so.8.0)
==1918201==    by 0x487A1FF: rl_initialize (in /usr/lib/x86_64-linux-gnu/libreadline.so.8.0)
==1918201==    by 0x487A4AF: readline (in /usr/lib/x86_64-linux-gnu/libreadline.so.8.0)
==1918201==    by 0x4013CF: main (main.c:53)
==1918201== 
{
   <insert_a_suppression_name_here>
   Memcheck:Leak
   match-leak-kinds: reachable
   fun:malloc
   fun:xmalloc
   fun:rl_make_bare_keymap
   fun:rl_generic_bind
   fun:rl_bind_keyseq_if_unbound_in_map
   obj:/usr/lib/x86_64-linux-gnu/libreadline.so.8.0
   fun:_rl_init_terminal_io
   fun:rl_initialize
   fun:readline
   fun:main
}
==1918201== 4,112 bytes in 1 blocks are still reachable in loss record 41 of 57
==1918201==    at 0x483B7F3: malloc (in /usr/lib/x86_64-linux-gnu/valgrind/vgpreload_memcheck-amd64-linux.so)
==1918201==    by 0x48A000C: xmalloc (in /usr/lib/x86_64-linux-gnu/libreadline.so.8.0)
==1918201==    by 0x487EA91: rl_make_bare_keymap (in /usr/lib/x86_64-linux-gnu/libreadline.so.8.0)
==1918201==    by 0x4885D79: rl_generic_bind (in /usr/lib/x86_64-linux-gnu/libreadline.so.8.0)
==1918201==    by 0x4886F1D: rl_bind_keyseq_if_unbound_in_map (in /usr/lib/x86_64-linux-gnu/libreadline.so.8.0)
==1918201==    by 0x4878F72: ??? (in /usr/lib/x86_64-linux-gnu/libreadline.so.8.0)
==1918201==    by 0x487A274: rl_initialize (in /usr/lib/x86_64-linux-gnu/libreadline.so.8.0)
==1918201==    by 0x487A4AF: readline (in /usr/lib/x86_64-linux-gnu/libreadline.so.8.0)
==1918201==    by 0x4013CF: main (main.c:53)
==1918201== 
{
   <insert_a_suppression_name_here>
   Memcheck:Leak
   match-leak-kinds: reachable
   fun:malloc
   fun:xmalloc
   fun:rl_make_bare_keymap
   fun:rl_generic_bind
   fun:rl_bind_keyseq_if_unbound_in_map
   obj:/usr/lib/x86_64-linux-gnu/libreadline.so.8.0
   fun:rl_initialize
   fun:readline
   fun:main
}
==1918201== 4,112 bytes in 1 blocks are still reachable in loss record 42 of 57
==1918201==    at 0x483B7F3: malloc (in /usr/lib/x86_64-linux-gnu/valgrind/vgpreload_memcheck-amd64-linux.so)
==1918201==    by 0x48A000C: xmalloc (in /usr/lib/x86_64-linux-gnu/libreadline.so.8.0)
==1918201==    by 0x487EA91: rl_make_bare_keymap (in /usr/lib/x86_64-linux-gnu/libreadline.so.8.0)
==1918201==    by 0x4885D79: rl_generic_bind (in /usr/lib/x86_64-linux-gnu/libreadline.so.8.0)
==1918201==    by 0x4886F1D: rl_bind_keyseq_if_unbound_in_map (in /usr/lib/x86_64-linux-gnu/libreadline.so.8.0)
==1918201==    by 0x4878F72: ??? (in /usr/lib/x86_64-linux-gnu/libreadline.so.8.0)
==1918201==    by 0x487A283: rl_initialize (in /usr/lib/x86_64-linux-gnu/libreadline.so.8.0)
==1918201==    by 0x487A4AF: readline (in /usr/lib/x86_64-linux-gnu/libreadline.so.8.0)
==1918201==    by 0x4013CF: main (main.c:53)
==1918201== 
{
   <insert_a_suppression_name_here>
   Memcheck:Leak
   match-leak-kinds: reachable
   fun:malloc
   fun:xmalloc
   fun:rl_make_bare_keymap
   fun:rl_generic_bind
   fun:rl_bind_keyseq_if_unbound_in_map
   obj:/usr/lib/x86_64-linux-gnu/libreadline.so.8.0
   fun:rl_initialize
   fun:readline
   fun:main
}
==1918201== 4,112 bytes in 1 blocks are still reachable in loss record 43 of 57
==1918201==    at 0x483B7F3: malloc (in /usr/lib/x86_64-linux-gnu/valgrind/vgpreload_memcheck-amd64-linux.so)
==1918201==    by 0x48A000C: xmalloc (in /usr/lib/x86_64-linux-gnu/libreadline.so.8.0)
==1918201==    by 0x487EA91: rl_make_bare_keymap (in /usr/lib/x86_64-linux-gnu/libreadline.so.8.0)
==1918201==    by 0x4885D79: rl_generic_bind (in /usr/lib/x86_64-linux-gnu/libreadline.so.8.0)
==1918201==    by 0x4886F1D: rl_bind_keyseq_if_unbound_in_map (in /usr/lib/x86_64-linux-gnu/libreadline.so.8.0)
==1918201==    by 0x4878F72: ??? (in /usr/lib/x86_64-linux-gnu/libreadline.so.8.0)
==1918201==    by 0x487A2A1: rl_initialize (in /usr/lib/x86_64-linux-gnu/libreadline.so.8.0)
==1918201==    by 0x487A4AF: readline (in /usr/lib/x86_64-linux-gnu/libreadline.so.8.0)
==1918201==    by 0x4013CF: main (main.c:53)
==1918201== 
{
   <insert_a_suppression_name_here>
   Memcheck:Leak
   match-leak-kinds: reachable
   fun:malloc
   fun:xmalloc
   fun:rl_make_bare_keymap
   fun:rl_generic_bind
   fun:rl_bind_keyseq_if_unbound_in_map
   obj:/usr/lib/x86_64-linux-gnu/libreadline.so.8.0
   fun:rl_initialize
   fun:readline
   fun:main
}
==1918201== 7,952 bytes in 1 blocks are still reachable in loss record 44 of 57
==1918201==    at 0x483DD99: calloc (in /usr/lib/x86_64-linux-gnu/valgrind/vgpreload_memcheck-amd64-linux.so)
==1918201==    by 0x4AB6067: ??? (in /usr/lib/x86_64-linux-gnu/libtinfo.so.6.2)
==1918201==    by 0x4AB685F: _nc_find_type_entry (in /usr/lib/x86_64-linux-gnu/libtinfo.so.6.2)
==1918201==    by 0x4ABAD9C: tgetstr_sp (in /usr/lib/x86_64-linux-gnu/libtinfo.so.6.2)
==1918201==    by 0x489579B: _rl_init_terminal_io (in /usr/lib/x86_64-linux-gnu/libreadline.so.8.0)
==1918201==    by 0x487A1FF: rl_initialize (in /usr/lib/x86_64-linux-gnu/libreadline.so.8.0)
==1918201==    by 0x487A4AF: readline (in /usr/lib/x86_64-linux-gnu/libreadline.so.8.0)
==1918201==    by 0x4013CF: main (main.c:53)
==1918201== 
{
   <insert_a_suppression_name_here>
   Memcheck:Leak
   match-leak-kinds: reachable
   fun:calloc
   obj:/usr/lib/x86_64-linux-gnu/libtinfo.so.6.2
   fun:_nc_find_type_entry
   fun:tgetstr_sp
   fun:_rl_init_terminal_io
   fun:rl_initialize
   fun:readline
   fun:main
}
==1918201== 8,224 bytes in 2 blocks are still reachable in loss record 45 of 57
==1918201==    at 0x483B7F3: malloc (in /usr/lib/x86_64-linux-gnu/valgrind/vgpreload_memcheck-amd64-linux.so)
==1918201==    by 0x48A000C: xmalloc (in /usr/lib/x86_64-linux-gnu/libreadline.so.8.0)
==1918201==    by 0x487EA91: rl_make_bare_keymap (in /usr/lib/x86_64-linux-gnu/libreadline.so.8.0)
==1918201==    by 0x4885D79: rl_generic_bind (in /usr/lib/x86_64-linux-gnu/libreadline.so.8.0)
==1918201==    by 0x4886F1D: rl_bind_keyseq_if_unbound_in_map (in /usr/lib/x86_64-linux-gnu/libreadline.so.8.0)
==1918201==    by 0x4894FB7: ??? (in /usr/lib/x86_64-linux-gnu/libreadline.so.8.0)
==1918201==    by 0x4895897: _rl_init_terminal_io (in /usr/lib/x86_64-linux-gnu/libreadline.so.8.0)
==1918201==    by 0x487A1FF: rl_initialize (in /usr/lib/x86_64-linux-gnu/libreadline.so.8.0)
==1918201==    by 0x487A4AF: readline (in /usr/lib/x86_64-linux-gnu/libreadline.so.8.0)
==1918201==    by 0x4013CF: main (main.c:53)
==1918201== 
{
   <insert_a_suppression_name_here>
   Memcheck:Leak
   match-leak-kinds: reachable
   fun:malloc
   fun:xmalloc
   fun:rl_make_bare_keymap
   fun:rl_generic_bind
   fun:rl_bind_keyseq_if_unbound_in_map
   obj:/usr/lib/x86_64-linux-gnu/libreadline.so.8.0
   fun:_rl_init_terminal_io
   fun:rl_initialize
   fun:readline
   fun:main
}
==1918201== 8,224 bytes in 2 blocks are still reachable in loss record 46 of 57
==1918201==    at 0x483B7F3: malloc (in /usr/lib/x86_64-linux-gnu/valgrind/vgpreload_memcheck-amd64-linux.so)
==1918201==    by 0x48A000C: xmalloc (in /usr/lib/x86_64-linux-gnu/libreadline.so.8.0)
==1918201==    by 0x487EA91: rl_make_bare_keymap (in /usr/lib/x86_64-linux-gnu/libreadline.so.8.0)
==1918201==    by 0x4885D79: rl_generic_bind (in /usr/lib/x86_64-linux-gnu/libreadline.so.8.0)
==1918201==    by 0x4886F1D: rl_bind_keyseq_if_unbound_in_map (in /usr/lib/x86_64-linux-gnu/libreadline.so.8.0)
==1918201==    by 0x4894F45: ??? (in /usr/lib/x86_64-linux-gnu/libreadline.so.8.0)
==1918201==    by 0x48958A3: _rl_init_terminal_io (in /usr/lib/x86_64-linux-gnu/libreadline.so.8.0)
==1918201==    by 0x487A1FF: rl_initialize (in /usr/lib/x86_64-linux-gnu/libreadline.so.8.0)
==1918201==    by 0x487A4AF: readline (in /usr/lib/x86_64-linux-gnu/libreadline.so.8.0)
==1918201==    by 0x4013CF: main (main.c:53)
==1918201== 
{
   <insert_a_suppression_name_here>
   Memcheck:Leak
   match-leak-kinds: reachable
   fun:malloc
   fun:xmalloc
   fun:rl_make_bare_keymap
   fun:rl_generic_bind
   fun:rl_bind_keyseq_if_unbound_in_map
   obj:/usr/lib/x86_64-linux-gnu/libreadline.so.8.0
   fun:_rl_init_terminal_io
   fun:rl_initialize
   fun:readline
   fun:main
}
==1918201== 8,224 bytes in 2 blocks are still reachable in loss record 47 of 57
==1918201==    at 0x483B7F3: malloc (in /usr/lib/x86_64-linux-gnu/valgrind/vgpreload_memcheck-amd64-linux.so)
==1918201==    by 0x48A000C: xmalloc (in /usr/lib/x86_64-linux-gnu/libreadline.so.8.0)
==1918201==    by 0x487EA91: rl_make_bare_keymap (in /usr/lib/x86_64-linux-gnu/libreadline.so.8.0)
==1918201==    by 0x4885D79: rl_generic_bind (in /usr/lib/x86_64-linux-gnu/libreadline.so.8.0)
==1918201==    by 0x4886F1D: rl_bind_keyseq_if_unbound_in_map (in /usr/lib/x86_64-linux-gnu/libreadline.so.8.0)
==1918201==    by 0x4894FB7: ??? (in /usr/lib/x86_64-linux-gnu/libreadline.so.8.0)
==1918201==    by 0x48958A3: _rl_init_terminal_io (in /usr/lib/x86_64-linux-gnu/libreadline.so.8.0)
==1918201==    by 0x487A1FF: rl_initialize (in /usr/lib/x86_64-linux-gnu/libreadline.so.8.0)
==1918201==    by 0x487A4AF: readline (in /usr/lib/x86_64-linux-gnu/libreadline.so.8.0)
==1918201==    by 0x4013CF: main (main.c:53)
==1918201== 
{
   <insert_a_suppression_name_here>
   Memcheck:Leak
   match-leak-kinds: reachable
   fun:malloc
   fun:xmalloc
   fun:rl_make_bare_keymap
   fun:rl_generic_bind
   fun:rl_bind_keyseq_if_unbound_in_map
   obj:/usr/lib/x86_64-linux-gnu/libreadline.so.8.0
   fun:_rl_init_terminal_io
   fun:rl_initialize
   fun:readline
   fun:main
}
==1918201== 8,224 bytes in 2 blocks are still reachable in loss record 48 of 57
==1918201==    at 0x483B7F3: malloc (in /usr/lib/x86_64-linux-gnu/valgrind/vgpreload_memcheck-amd64-linux.so)
==1918201==    by 0x48A000C: xmalloc (in /usr/lib/x86_64-linux-gnu/libreadline.so.8.0)
==1918201==    by 0x487EA91: rl_make_bare_keymap (in /usr/lib/x86_64-linux-gnu/libreadline.so.8.0)
==1918201==    by 0x4885D79: rl_generic_bind (in /usr/lib/x86_64-linux-gnu/libreadline.so.8.0)
==1918201==    by 0x4886F1D: rl_bind_keyseq_if_unbound_in_map (in /usr/lib/x86_64-linux-gnu/libreadline.so.8.0)
==1918201==    by 0x4894F45: ??? (in /usr/lib/x86_64-linux-gnu/libreadline.so.8.0)
==1918201==    by 0x48958AF: _rl_init_terminal_io (in /usr/lib/x86_64-linux-gnu/libreadline.so.8.0)
==1918201==    by 0x487A1FF: rl_initialize (in /usr/lib/x86_64-linux-gnu/libreadline.so.8.0)
==1918201==    by 0x487A4AF: readline (in /usr/lib/x86_64-linux-gnu/libreadline.so.8.0)
==1918201==    by 0x4013CF: main (main.c:53)
==1918201== 
{
   <insert_a_suppression_name_here>
   Memcheck:Leak
   match-leak-kinds: reachable
   fun:malloc
   fun:xmalloc
   fun:rl_make_bare_keymap
   fun:rl_generic_bind
   fun:rl_bind_keyseq_if_unbound_in_map
   obj:/usr/lib/x86_64-linux-gnu/libreadline.so.8.0
   fun:_rl_init_terminal_io
   fun:rl_initialize
   fun:readline
   fun:main
}
==1918201== 8,224 bytes in 2 blocks are still reachable in loss record 49 of 57
==1918201==    at 0x483B7F3: malloc (in /usr/lib/x86_64-linux-gnu/valgrind/vgpreload_memcheck-amd64-linux.so)
==1918201==    by 0x48A000C: xmalloc (in /usr/lib/x86_64-linux-gnu/libreadline.so.8.0)
==1918201==    by 0x487EA91: rl_make_bare_keymap (in /usr/lib/x86_64-linux-gnu/libreadline.so.8.0)
==1918201==    by 0x4885D79: rl_generic_bind (in /usr/lib/x86_64-linux-gnu/libreadline.so.8.0)
==1918201==    by 0x4886F1D: rl_bind_keyseq_if_unbound_in_map (in /usr/lib/x86_64-linux-gnu/libreadline.so.8.0)
==1918201==    by 0x4894FB7: ??? (in /usr/lib/x86_64-linux-gnu/libreadline.so.8.0)
==1918201==    by 0x48958AF: _rl_init_terminal_io (in /usr/lib/x86_64-linux-gnu/libreadline.so.8.0)
==1918201==    by 0x487A1FF: rl_initialize (in /usr/lib/x86_64-linux-gnu/libreadline.so.8.0)
==1918201==    by 0x487A4AF: readline (in /usr/lib/x86_64-linux-gnu/libreadline.so.8.0)
==1918201==    by 0x4013CF: main (main.c:53)
==1918201== 
{
   <insert_a_suppression_name_here>
   Memcheck:Leak
   match-leak-kinds: reachable
   fun:malloc
   fun:xmalloc
   fun:rl_make_bare_keymap
   fun:rl_generic_bind
   fun:rl_bind_keyseq_if_unbound_in_map
   obj:/usr/lib/x86_64-linux-gnu/libreadline.so.8.0
   fun:_rl_init_terminal_io
   fun:rl_initialize
   fun:readline
   fun:main
}
==1918201== 8,224 bytes in 2 blocks are still reachable in loss record 50 of 57
==1918201==    at 0x483B7F3: malloc (in /usr/lib/x86_64-linux-gnu/valgrind/vgpreload_memcheck-amd64-linux.so)
==1918201==    by 0x48A000C: xmalloc (in /usr/lib/x86_64-linux-gnu/libreadline.so.8.0)
==1918201==    by 0x487EA91: rl_make_bare_keymap (in /usr/lib/x86_64-linux-gnu/libreadline.so.8.0)
==1918201==    by 0x4885D79: rl_generic_bind (in /usr/lib/x86_64-linux-gnu/libreadline.so.8.0)
==1918201==    by 0x4886F1D: rl_bind_keyseq_if_unbound_in_map (in /usr/lib/x86_64-linux-gnu/libreadline.so.8.0)
==1918201==    by 0x4878F63: ??? (in /usr/lib/x86_64-linux-gnu/libreadline.so.8.0)
==1918201==    by 0x487A274: rl_initialize (in /usr/lib/x86_64-linux-gnu/libreadline.so.8.0)
==1918201==    by 0x487A4AF: readline (in /usr/lib/x86_64-linux-gnu/libreadline.so.8.0)
==1918201==    by 0x4013CF: main (main.c:53)
==1918201== 
{
   <insert_a_suppression_name_here>
   Memcheck:Leak
   match-leak-kinds: reachable
   fun:malloc
   fun:xmalloc
   fun:rl_make_bare_keymap
   fun:rl_generic_bind
   fun:rl_bind_keyseq_if_unbound_in_map
   obj:/usr/lib/x86_64-linux-gnu/libreadline.so.8.0
   fun:rl_initialize
   fun:readline
   fun:main
}
==1918201== 8,224 bytes in 2 blocks are still reachable in loss record 51 of 57
==1918201==    at 0x483B7F3: malloc (in /usr/lib/x86_64-linux-gnu/valgrind/vgpreload_memcheck-amd64-linux.so)
==1918201==    by 0x48A000C: xmalloc (in /usr/lib/x86_64-linux-gnu/libreadline.so.8.0)
==1918201==    by 0x487EA91: rl_make_bare_keymap (in /usr/lib/x86_64-linux-gnu/libreadline.so.8.0)
==1918201==    by 0x4885D79: rl_generic_bind (in /usr/lib/x86_64-linux-gnu/libreadline.so.8.0)
==1918201==    by 0x4886F1D: rl_bind_keyseq_if_unbound_in_map (in /usr/lib/x86_64-linux-gnu/libreadline.so.8.0)
==1918201==    by 0x4878F63: ??? (in /usr/lib/x86_64-linux-gnu/libreadline.so.8.0)
==1918201==    by 0x487A283: rl_initialize (in /usr/lib/x86_64-linux-gnu/libreadline.so.8.0)
==1918201==    by 0x487A4AF: readline (in /usr/lib/x86_64-linux-gnu/libreadline.so.8.0)
==1918201==    by 0x4013CF: main (main.c:53)
==1918201== 
{
   <insert_a_suppression_name_here>
   Memcheck:Leak
   match-leak-kinds: reachable
   fun:malloc
   fun:xmalloc
   fun:rl_make_bare_keymap
   fun:rl_generic_bind
   fun:rl_bind_keyseq_if_unbound_in_map
   obj:/usr/lib/x86_64-linux-gnu/libreadline.so.8.0
   fun:rl_initialize
   fun:readline
   fun:main
}
==1918201== 8,224 bytes in 2 blocks are still reachable in loss record 52 of 57
==1918201==    at 0x483B7F3: malloc (in /usr/lib/x86_64-linux-gnu/valgrind/vgpreload_memcheck-amd64-linux.so)
==1918201==    by 0x48A000C: xmalloc (in /usr/lib/x86_64-linux-gnu/libreadline.so.8.0)
==1918201==    by 0x487EA91: rl_make_bare_keymap (in /usr/lib/x86_64-linux-gnu/libreadline.so.8.0)
==1918201==    by 0x4885D79: rl_generic_bind (in /usr/lib/x86_64-linux-gnu/libreadline.so.8.0)
==1918201==    by 0x4886F1D: rl_bind_keyseq_if_unbound_in_map (in /usr/lib/x86_64-linux-gnu/libreadline.so.8.0)
==1918201==    by 0x4878F63: ??? (in /usr/lib/x86_64-linux-gnu/libreadline.so.8.0)
==1918201==    by 0x487A2A1: rl_initialize (in /usr/lib/x86_64-linux-gnu/libreadline.so.8.0)
==1918201==    by 0x487A4AF: readline (in /usr/lib/x86_64-linux-gnu/libreadline.so.8.0)
==1918201==    by 0x4013CF: main (main.c:53)
==1918201== 
{
   <insert_a_suppression_name_here>
   Memcheck:Leak
   match-leak-kinds: reachable
   fun:malloc
   fun:xmalloc
   fun:rl_make_bare_keymap
   fun:rl_generic_bind
   fun:rl_bind_keyseq_if_unbound_in_map
   obj:/usr/lib/x86_64-linux-gnu/libreadline.so.8.0
   fun:rl_initialize
   fun:readline
   fun:main
}
==1918201== 8,224 bytes in 2 blocks are still reachable in loss record 53 of 57
==1918201==    at 0x483B7F3: malloc (in /usr/lib/x86_64-linux-gnu/valgrind/vgpreload_memcheck-amd64-linux.so)
==1918201==    by 0x48A000C: xmalloc (in /usr/lib/x86_64-linux-gnu/libreadline.so.8.0)
==1918201==    by 0x487EA91: rl_make_bare_keymap (in /usr/lib/x86_64-linux-gnu/libreadline.so.8.0)
==1918201==    by 0x4885D79: rl_generic_bind (in /usr/lib/x86_64-linux-gnu/libreadline.so.8.0)
==1918201==    by 0x4886F1D: rl_bind_keyseq_if_unbound_in_map (in /usr/lib/x86_64-linux-gnu/libreadline.so.8.0)
==1918201==    by 0x487A2BF: rl_initialize (in /usr/lib/x86_64-linux-gnu/libreadline.so.8.0)
==1918201==    by 0x487A4AF: readline (in /usr/lib/x86_64-linux-gnu/libreadline.so.8.0)
==1918201==    by 0x4013CF: main (main.c:53)
==1918201== 
{
   <insert_a_suppression_name_here>
   Memcheck:Leak
   match-leak-kinds: reachable
   fun:malloc
   fun:xmalloc
   fun:rl_make_bare_keymap
   fun:rl_generic_bind
   fun:rl_bind_keyseq_if_unbound_in_map
   fun:rl_initialize
   fun:readline
   fun:main
}
==1918201== 8,224 bytes in 2 blocks are still reachable in loss record 54 of 57
==1918201==    at 0x483B7F3: malloc (in /usr/lib/x86_64-linux-gnu/valgrind/vgpreload_memcheck-amd64-linux.so)
==1918201==    by 0x48A000C: xmalloc (in /usr/lib/x86_64-linux-gnu/libreadline.so.8.0)
==1918201==    by 0x487EA91: rl_make_bare_keymap (in /usr/lib/x86_64-linux-gnu/libreadline.so.8.0)
==1918201==    by 0x4885D79: rl_generic_bind (in /usr/lib/x86_64-linux-gnu/libreadline.so.8.0)
==1918201==    by 0x4886F1D: rl_bind_keyseq_if_unbound_in_map (in /usr/lib/x86_64-linux-gnu/libreadline.so.8.0)
==1918201==    by 0x487A2D2: rl_initialize (in /usr/lib/x86_64-linux-gnu/libreadline.so.8.0)
==1918201==    by 0x487A4AF: readline (in /usr/lib/x86_64-linux-gnu/libreadline.so.8.0)
==1918201==    by 0x4013CF: main (main.c:53)
==1918201== 
{
   <insert_a_suppression_name_here>
   Memcheck:Leak
   match-leak-kinds: reachable
   fun:malloc
   fun:xmalloc
   fun:rl_make_bare_keymap
   fun:rl_generic_bind
   fun:rl_bind_keyseq_if_unbound_in_map
   fun:rl_initialize
   fun:readline
   fun:main
}
==1918201== 12,336 bytes in 3 blocks are still reachable in loss record 55 of 57
==1918201==    at 0x483B7F3: malloc (in /usr/lib/x86_64-linux-gnu/valgrind/vgpreload_memcheck-amd64-linux.so)
==1918201==    by 0x48A000C: xmalloc (in /usr/lib/x86_64-linux-gnu/libreadline.so.8.0)
==1918201==    by 0x487EA91: rl_make_bare_keymap (in /usr/lib/x86_64-linux-gnu/libreadline.so.8.0)
==1918201==    by 0x4885D79: rl_generic_bind (in /usr/lib/x86_64-linux-gnu/libreadline.so.8.0)
==1918201==    by 0x4886F1D: rl_bind_keyseq_if_unbound_in_map (in /usr/lib/x86_64-linux-gnu/libreadline.so.8.0)
==1918201==    by 0x4878F3A: ??? (in /usr/lib/x86_64-linux-gnu/libreadline.so.8.0)
==1918201==    by 0x487A283: rl_initialize (in /usr/lib/x86_64-linux-gnu/libreadline.so.8.0)
==1918201==    by 0x487A4AF: readline (in /usr/lib/x86_64-linux-gnu/libreadline.so.8.0)
==1918201==    by 0x4013CF: main (main.c:53)
==1918201== 
{
   <insert_a_suppression_name_here>
   Memcheck:Leak
   match-leak-kinds: reachable
   fun:malloc
   fun:xmalloc
   fun:rl_make_bare_keymap
   fun:rl_generic_bind
   fun:rl_bind_keyseq_if_unbound_in_map
   obj:/usr/lib/x86_64-linux-gnu/libreadline.so.8.0
   fun:rl_initialize
   fun:readline
   fun:main
}
==1918201== 12,336 bytes in 3 blocks are still reachable in loss record 56 of 57
==1918201==    at 0x483B7F3: malloc (in /usr/lib/x86_64-linux-gnu/valgrind/vgpreload_memcheck-amd64-linux.so)
==1918201==    by 0x48A000C: xmalloc (in /usr/lib/x86_64-linux-gnu/libreadline.so.8.0)
==1918201==    by 0x487EA91: rl_make_bare_keymap (in /usr/lib/x86_64-linux-gnu/libreadline.so.8.0)
==1918201==    by 0x4885D79: rl_generic_bind (in /usr/lib/x86_64-linux-gnu/libreadline.so.8.0)
==1918201==    by 0x4886F1D: rl_bind_keyseq_if_unbound_in_map (in /usr/lib/x86_64-linux-gnu/libreadline.so.8.0)
==1918201==    by 0x4878F3A: ??? (in /usr/lib/x86_64-linux-gnu/libreadline.so.8.0)
==1918201==    by 0x487A2A1: rl_initialize (in /usr/lib/x86_64-linux-gnu/libreadline.so.8.0)
==1918201==    by 0x487A4AF: readline (in /usr/lib/x86_64-linux-gnu/libreadline.so.8.0)
==1918201==    by 0x4013CF: main (main.c:53)
==1918201== 
{
   <insert_a_suppression_name_here>
   Memcheck:Leak
   match-leak-kinds: reachable
   fun:malloc
   fun:xmalloc
   fun:rl_make_bare_keymap
   fun:rl_generic_bind
   fun:rl_bind_keyseq_if_unbound_in_map
   obj:/usr/lib/x86_64-linux-gnu/libreadline.so.8.0
   fun:rl_initialize
   fun:readline
   fun:main
}
==1918201== 28,784 bytes in 7 blocks are still reachable in loss record 57 of 57
==1918201==    at 0x483B7F3: malloc (in /usr/lib/x86_64-linux-gnu/valgrind/vgpreload_memcheck-amd64-linux.so)
==1918201==    by 0x48A000C: xmalloc (in /usr/lib/x86_64-linux-gnu/libreadline.so.8.0)
==1918201==    by 0x487EA91: rl_make_bare_keymap (in /usr/lib/x86_64-linux-gnu/libreadline.so.8.0)
==1918201==    by 0x4885D79: rl_generic_bind (in /usr/lib/x86_64-linux-gnu/libreadline.so.8.0)
==1918201==    by 0x4887A92: rl_parse_and_bind (in /usr/lib/x86_64-linux-gnu/libreadline.so.8.0)
==1918201==    by 0x4887C6C: ??? (in /usr/lib/x86_64-linux-gnu/libreadline.so.8.0)
==1918201==    by 0x487A228: rl_initialize (in /usr/lib/x86_64-linux-gnu/libreadline.so.8.0)
==1918201==    by 0x487A4AF: readline (in /usr/lib/x86_64-linux-gnu/libreadline.so.8.0)
==1918201==    by 0x4013CF: main (main.c:53)
==1918201== 
{
   <insert_a_suppression_name_here>
   Memcheck:Leak
   match-leak-kinds: reachable
   fun:malloc
   fun:xmalloc
   fun:rl_make_bare_keymap
   fun:rl_generic_bind
   fun:rl_parse_and_bind
   obj:/usr/lib/x86_64-linux-gnu/libreadline.so.8.0
   fun:rl_initialize
   fun:readline
   fun:main
}
==1918201== LEAK SUMMARY:
==1918201==    definitely lost: 0 bytes in 0 blocks
==1918201==    indirectly lost: 0 bytes in 0 blocks
==1918201==      possibly lost: 0 bytes in 0 blocks
==1918201==    still reachable: 200,660 bytes in 214 blocks
==1918201==         suppressed: 0 bytes in 0 blocks
==1918201== 
==1918201== For lists of detected and suppressed errors, rerun with: -s
==1918201== ERROR SUMMARY: 0 errors from 0 contexts (suppressed: 0 from 0)
