==2539== Memcheck, a memory error detector
==2539== Copyright (C) 2002-2017, and GNU GPL'd, by Julian Seward et al.
==2539== Using Valgrind-3.18.1 and LibVEX; rerun with -h for copyright info
==2539== Command: ./minishell
==2539== Parent PID: 545
==2539== 
==2539== 
==2539== HEAP SUMMARY:
==2539==     in use at exit: 208,379 bytes in 231 blocks
==2539==   total heap usage: 636 allocs, 405 frees, 245,927 bytes allocated
==2539== 
==2539== 8 bytes in 1 blocks are still reachable in loss record 1 of 68
==2539==    at 0x4848899: malloc (in /usr/libexec/valgrind/vgpreload_memcheck-amd64-linux.so)
==2539==    by 0x496658E: strdup (strdup.c:42)
==2539==    by 0x4B04D17: _nc_trim_sgr0 (in /usr/lib/x86_64-linux-gnu/libtinfo.so.6.3)
==2539==    by 0x4B036A8: tgetent_sp (in /usr/lib/x86_64-linux-gnu/libtinfo.so.6.3)
==2539==    by 0x489F1CD: _rl_init_terminal_io (in /usr/lib/x86_64-linux-gnu/libreadline.so.8.1)
==2539==    by 0x488BA0F: rl_initialize (in /usr/lib/x86_64-linux-gnu/libreadline.so.8.1)
==2539==    by 0x488BCD4: readline (in /usr/lib/x86_64-linux-gnu/libreadline.so.8.1)
==2539==    by 0x1096ED: main (main.c:47)
==2539== 
==2539== 8 bytes in 1 blocks are still reachable in loss record 2 of 68
==2539==    at 0x484DCD3: realloc (in /usr/libexec/valgrind/vgpreload_memcheck-amd64-linux.so)
==2539==    by 0x48A4491: xrealloc (in /usr/lib/x86_64-linux-gnu/libreadline.so.8.1)
==2539==    by 0x4890626: ??? (in /usr/lib/x86_64-linux-gnu/libreadline.so.8.1)
==2539==    by 0x4890E0D: rl_expand_prompt (in /usr/lib/x86_64-linux-gnu/libreadline.so.8.1)
==2539==    by 0x48801BF: rl_set_prompt (in /usr/lib/x86_64-linux-gnu/libreadline.so.8.1)
==2539==    by 0x488BCCF: readline (in /usr/lib/x86_64-linux-gnu/libreadline.so.8.1)
==2539==    by 0x1096ED: main (main.c:47)
==2539== 
==2539== 13 bytes in 1 blocks are still reachable in loss record 3 of 68
==2539==    at 0x4848899: malloc (in /usr/libexec/valgrind/vgpreload_memcheck-amd64-linux.so)
==2539==    by 0x496658E: strdup (strdup.c:42)
==2539==    by 0x4AF6377: ??? (in /usr/lib/x86_64-linux-gnu/libtinfo.so.6.3)
==2539==    by 0x4AF8BF8: _nc_first_db (in /usr/lib/x86_64-linux-gnu/libtinfo.so.6.3)
==2539==    by 0x4B02696: _nc_read_entry2 (in /usr/lib/x86_64-linux-gnu/libtinfo.so.6.3)
==2539==    by 0x4B02711: ??? (in /usr/lib/x86_64-linux-gnu/libtinfo.so.6.3)
==2539==    by 0x4B02866: _nc_setupterm (in /usr/lib/x86_64-linux-gnu/libtinfo.so.6.3)
==2539==    by 0x4B034C9: tgetent_sp (in /usr/lib/x86_64-linux-gnu/libtinfo.so.6.3)
==2539==    by 0x489F1CD: _rl_init_terminal_io (in /usr/lib/x86_64-linux-gnu/libreadline.so.8.1)
==2539==    by 0x488BA0F: rl_initialize (in /usr/lib/x86_64-linux-gnu/libreadline.so.8.1)
==2539==    by 0x488BCD4: readline (in /usr/lib/x86_64-linux-gnu/libreadline.so.8.1)
==2539==    by 0x1096ED: main (main.c:47)
==2539== 
==2539== 13 bytes in 1 blocks are still reachable in loss record 4 of 68
==2539==    at 0x4848899: malloc (in /usr/libexec/valgrind/vgpreload_memcheck-amd64-linux.so)
==2539==    by 0x48A3BAC: xmalloc (in /usr/lib/x86_64-linux-gnu/libreadline.so.8.1)
==2539==    by 0x4891BF5: ??? (in /usr/lib/x86_64-linux-gnu/libreadline.so.8.1)
==2539==    by 0x488BA38: rl_initialize (in /usr/lib/x86_64-linux-gnu/libreadline.so.8.1)
==2539==    by 0x488BCD4: readline (in /usr/lib/x86_64-linux-gnu/libreadline.so.8.1)
==2539==    by 0x1096ED: main (main.c:47)
==2539== 
==2539== 14 bytes in 1 blocks are still reachable in loss record 5 of 68
==2539==    at 0x484DCD3: realloc (in /usr/libexec/valgrind/vgpreload_memcheck-amd64-linux.so)
==2539==    by 0x4AF76CC: _nc_doalloc (in /usr/lib/x86_64-linux-gnu/libtinfo.so.6.3)
==2539==    by 0x4AFE272: _nc_tiparm (in /usr/lib/x86_64-linux-gnu/libtinfo.so.6.3)
==2539==    by 0x4B04C7D: ??? (in /usr/lib/x86_64-linux-gnu/libtinfo.so.6.3)
==2539==    by 0x4B04D09: _nc_trim_sgr0 (in /usr/lib/x86_64-linux-gnu/libtinfo.so.6.3)
==2539==    by 0x4B036A8: tgetent_sp (in /usr/lib/x86_64-linux-gnu/libtinfo.so.6.3)
==2539==    by 0x489F1CD: _rl_init_terminal_io (in /usr/lib/x86_64-linux-gnu/libreadline.so.8.1)
==2539==    by 0x488BA0F: rl_initialize (in /usr/lib/x86_64-linux-gnu/libreadline.so.8.1)
==2539==    by 0x488BCD4: readline (in /usr/lib/x86_64-linux-gnu/libreadline.so.8.1)
==2539==    by 0x1096ED: main (main.c:47)
==2539== 
==2539== 15 bytes in 1 blocks are still reachable in loss record 6 of 68
==2539==    at 0x4848899: malloc (in /usr/libexec/valgrind/vgpreload_memcheck-amd64-linux.so)
==2539==    by 0x496658E: strdup (strdup.c:42)
==2539==    by 0x4B028AE: _nc_setupterm (in /usr/lib/x86_64-linux-gnu/libtinfo.so.6.3)
==2539==    by 0x4B034C9: tgetent_sp (in /usr/lib/x86_64-linux-gnu/libtinfo.so.6.3)
==2539==    by 0x489F1CD: _rl_init_terminal_io (in /usr/lib/x86_64-linux-gnu/libreadline.so.8.1)
==2539==    by 0x488BA0F: rl_initialize (in /usr/lib/x86_64-linux-gnu/libreadline.so.8.1)
==2539==    by 0x488BCD4: readline (in /usr/lib/x86_64-linux-gnu/libreadline.so.8.1)
==2539==    by 0x1096ED: main (main.c:47)
==2539== 
==2539== 16 bytes in 1 blocks are still reachable in loss record 7 of 68
==2539==    at 0x4848899: malloc (in /usr/libexec/valgrind/vgpreload_memcheck-amd64-linux.so)
==2539==    by 0x488BB26: rl_initialize (in /usr/lib/x86_64-linux-gnu/libreadline.so.8.1)
==2539==    by 0x488BCD4: readline (in /usr/lib/x86_64-linux-gnu/libreadline.so.8.1)
==2539==    by 0x1096ED: main (main.c:47)
==2539== 
==2539== 16 bytes in 1 blocks are indirectly lost in loss record 8 of 68
==2539==    at 0x4848899: malloc (in /usr/libexec/valgrind/vgpreload_memcheck-amd64-linux.so)
==2539==    by 0x10BECA: new_word (word.c:48)
==2539==    by 0x10BFF5: word_slicer (word.c:74)
==2539==    by 0x10B3B6: parsing (parsing.c:79)
==2539==    by 0x10972B: main (main.c:54)
==2539== 
==2539== 18 bytes in 2 blocks are still reachable in loss record 9 of 68
==2539==    at 0x4848899: malloc (in /usr/libexec/valgrind/vgpreload_memcheck-amd64-linux.so)
==2539==    by 0x48A3BAC: xmalloc (in /usr/lib/x86_64-linux-gnu/libreadline.so.8.1)
==2539==    by 0x489AB39: alloc_history_entry (in /usr/lib/x86_64-linux-gnu/libreadline.so.8.1)
==2539==    by 0x489CF65: add_history (in /usr/lib/x86_64-linux-gnu/libreadline.so.8.1)
==2539==    by 0x1097A2: main (main.c:63)
==2539== 
==2539== 20 bytes in 1 blocks are still reachable in loss record 10 of 68
==2539==    at 0x4848899: malloc (in /usr/libexec/valgrind/vgpreload_memcheck-amd64-linux.so)
==2539==    by 0x48A3BAC: xmalloc (in /usr/lib/x86_64-linux-gnu/libreadline.so.8.1)
==2539==    by 0x488ED8B: ??? (in /usr/lib/x86_64-linux-gnu/libreadline.so.8.1)
==2539==    by 0x48916C9: rl_parse_and_bind (in /usr/lib/x86_64-linux-gnu/libreadline.so.8.1)
==2539==    by 0x4891B6C: ??? (in /usr/lib/x86_64-linux-gnu/libreadline.so.8.1)
==2539==    by 0x488BA38: rl_initialize (in /usr/lib/x86_64-linux-gnu/libreadline.so.8.1)
==2539==    by 0x488BCD4: readline (in /usr/lib/x86_64-linux-gnu/libreadline.so.8.1)
==2539==    by 0x1096ED: main (main.c:47)
==2539== 
==2539== 24 bytes in 1 blocks are still reachable in loss record 11 of 68
==2539==    at 0x4848899: malloc (in /usr/libexec/valgrind/vgpreload_memcheck-amd64-linux.so)
==2539==    by 0x49DDF34: tsearch (tsearch.c:337)
==2539==    by 0x4AFAD6E: ??? (in /usr/lib/x86_64-linux-gnu/libtinfo.so.6.3)
==2539==    by 0x4AFE098: _nc_tiparm (in /usr/lib/x86_64-linux-gnu/libtinfo.so.6.3)
==2539==    by 0x4B04C7D: ??? (in /usr/lib/x86_64-linux-gnu/libtinfo.so.6.3)
==2539==    by 0x4B04D09: _nc_trim_sgr0 (in /usr/lib/x86_64-linux-gnu/libtinfo.so.6.3)
==2539==    by 0x4B036A8: tgetent_sp (in /usr/lib/x86_64-linux-gnu/libtinfo.so.6.3)
==2539==    by 0x489F1CD: _rl_init_terminal_io (in /usr/lib/x86_64-linux-gnu/libreadline.so.8.1)
==2539==    by 0x488BA0F: rl_initialize (in /usr/lib/x86_64-linux-gnu/libreadline.so.8.1)
==2539==    by 0x488BCD4: readline (in /usr/lib/x86_64-linux-gnu/libreadline.so.8.1)
==2539==    by 0x1096ED: main (main.c:47)
==2539== 
==2539== 24 bytes in 2 blocks are still reachable in loss record 12 of 68
==2539==    at 0x4848899: malloc (in /usr/libexec/valgrind/vgpreload_memcheck-amd64-linux.so)
==2539==    by 0x48A3BAC: xmalloc (in /usr/lib/x86_64-linux-gnu/libreadline.so.8.1)
==2539==    by 0x489CF28: add_history (in /usr/lib/x86_64-linux-gnu/libreadline.so.8.1)
==2539==    by 0x1097A2: main (main.c:63)
==2539== 
==2539== 25 bytes in 1 blocks are still reachable in loss record 13 of 68
==2539==    at 0x4848899: malloc (in /usr/libexec/valgrind/vgpreload_memcheck-amd64-linux.so)
==2539==    by 0x4AF8624: _nc_home_terminfo (in /usr/lib/x86_64-linux-gnu/libtinfo.so.6.3)
==2539==    by 0x4AF8BE2: _nc_first_db (in /usr/lib/x86_64-linux-gnu/libtinfo.so.6.3)
==2539==    by 0x4B02696: _nc_read_entry2 (in /usr/lib/x86_64-linux-gnu/libtinfo.so.6.3)
==2539==    by 0x4B02711: ??? (in /usr/lib/x86_64-linux-gnu/libtinfo.so.6.3)
==2539==    by 0x4B02866: _nc_setupterm (in /usr/lib/x86_64-linux-gnu/libtinfo.so.6.3)
==2539==    by 0x4B034C9: tgetent_sp (in /usr/lib/x86_64-linux-gnu/libtinfo.so.6.3)
==2539==    by 0x489F1CD: _rl_init_terminal_io (in /usr/lib/x86_64-linux-gnu/libreadline.so.8.1)
==2539==    by 0x488BA0F: rl_initialize (in /usr/lib/x86_64-linux-gnu/libreadline.so.8.1)
==2539==    by 0x488BCD4: readline (in /usr/lib/x86_64-linux-gnu/libreadline.so.8.1)
==2539==    by 0x1096ED: main (main.c:47)
==2539== 
==2539== 45 bytes in 1 blocks are still reachable in loss record 14 of 68
==2539==    at 0x4848899: malloc (in /usr/libexec/valgrind/vgpreload_memcheck-amd64-linux.so)
==2539==    by 0x48A3BAC: xmalloc (in /usr/lib/x86_64-linux-gnu/libreadline.so.8.1)
==2539==    by 0x48801E3: rl_set_prompt (in /usr/lib/x86_64-linux-gnu/libreadline.so.8.1)
==2539==    by 0x488BCCF: readline (in /usr/lib/x86_64-linux-gnu/libreadline.so.8.1)
==2539==    by 0x1096ED: main (main.c:47)
==2539== 
==2539== 45 bytes in 1 blocks are still reachable in loss record 15 of 68
==2539==    at 0x4848899: malloc (in /usr/libexec/valgrind/vgpreload_memcheck-amd64-linux.so)
==2539==    by 0x48A3BAC: xmalloc (in /usr/lib/x86_64-linux-gnu/libreadline.so.8.1)
==2539==    by 0x48905F2: ??? (in /usr/lib/x86_64-linux-gnu/libreadline.so.8.1)
==2539==    by 0x4890E0D: rl_expand_prompt (in /usr/lib/x86_64-linux-gnu/libreadline.so.8.1)
==2539==    by 0x48801BF: rl_set_prompt (in /usr/lib/x86_64-linux-gnu/libreadline.so.8.1)
==2539==    by 0x488BCCF: readline (in /usr/lib/x86_64-linux-gnu/libreadline.so.8.1)
==2539==    by 0x1096ED: main (main.c:47)
==2539== 
==2539== 46 bytes in 1 blocks are still reachable in loss record 16 of 68
==2539==    at 0x484DCD3: realloc (in /usr/libexec/valgrind/vgpreload_memcheck-amd64-linux.so)
==2539==    by 0x4AF76CC: _nc_doalloc (in /usr/lib/x86_64-linux-gnu/libtinfo.so.6.3)
==2539==    by 0x4B0216F: _nc_read_termtype (in /usr/lib/x86_64-linux-gnu/libtinfo.so.6.3)
==2539==    by 0x4B0252A: ??? (in /usr/lib/x86_64-linux-gnu/libtinfo.so.6.3)
==2539==    by 0x4B04C40: ??? (in /usr/lib/x86_64-linux-gnu/libtinfo.so.6.3)
==2539==    by 0x4B026BB: _nc_read_entry2 (in /usr/lib/x86_64-linux-gnu/libtinfo.so.6.3)
==2539==    by 0x4B02711: ??? (in /usr/lib/x86_64-linux-gnu/libtinfo.so.6.3)
==2539==    by 0x4B02866: _nc_setupterm (in /usr/lib/x86_64-linux-gnu/libtinfo.so.6.3)
==2539==    by 0x4B034C9: tgetent_sp (in /usr/lib/x86_64-linux-gnu/libtinfo.so.6.3)
==2539==    by 0x489F1CD: _rl_init_terminal_io (in /usr/lib/x86_64-linux-gnu/libreadline.so.8.1)
==2539==    by 0x488BA0F: rl_initialize (in /usr/lib/x86_64-linux-gnu/libreadline.so.8.1)
==2539==    by 0x488BCD4: readline (in /usr/lib/x86_64-linux-gnu/libreadline.so.8.1)
==2539== 
==2539== 46 bytes in 1 blocks are still reachable in loss record 17 of 68
==2539==    at 0x4848899: malloc (in /usr/libexec/valgrind/vgpreload_memcheck-amd64-linux.so)
==2539==    by 0x4AF6FDE: ??? (in /usr/lib/x86_64-linux-gnu/libtinfo.so.6.3)
==2539==    by 0x4B0287D: _nc_setupterm (in /usr/lib/x86_64-linux-gnu/libtinfo.so.6.3)
==2539==    by 0x4B034C9: tgetent_sp (in /usr/lib/x86_64-linux-gnu/libtinfo.so.6.3)
==2539==    by 0x489F1CD: _rl_init_terminal_io (in /usr/lib/x86_64-linux-gnu/libreadline.so.8.1)
==2539==    by 0x488BA0F: rl_initialize (in /usr/lib/x86_64-linux-gnu/libreadline.so.8.1)
==2539==    by 0x488BCD4: readline (in /usr/lib/x86_64-linux-gnu/libreadline.so.8.1)
==2539==    by 0x1096ED: main (main.c:47)
==2539== 
==2539== 48 bytes in 1 blocks are still reachable in loss record 18 of 68
==2539==    at 0x484DA83: calloc (in /usr/libexec/valgrind/vgpreload_memcheck-amd64-linux.so)
==2539==    by 0x4AF8833: _nc_first_db (in /usr/lib/x86_64-linux-gnu/libtinfo.so.6.3)
==2539==    by 0x4B02696: _nc_read_entry2 (in /usr/lib/x86_64-linux-gnu/libtinfo.so.6.3)
==2539==    by 0x4B02711: ??? (in /usr/lib/x86_64-linux-gnu/libtinfo.so.6.3)
==2539==    by 0x4B02866: _nc_setupterm (in /usr/lib/x86_64-linux-gnu/libtinfo.so.6.3)
==2539==    by 0x4B034C9: tgetent_sp (in /usr/lib/x86_64-linux-gnu/libtinfo.so.6.3)
==2539==    by 0x489F1CD: _rl_init_terminal_io (in /usr/lib/x86_64-linux-gnu/libreadline.so.8.1)
==2539==    by 0x488BA0F: rl_initialize (in /usr/lib/x86_64-linux-gnu/libreadline.so.8.1)
==2539==    by 0x488BCD4: readline (in /usr/lib/x86_64-linux-gnu/libreadline.so.8.1)
==2539==    by 0x1096ED: main (main.c:47)
==2539== 
==2539== 48 bytes in 2 blocks are still reachable in loss record 19 of 68
==2539==    at 0x4848899: malloc (in /usr/libexec/valgrind/vgpreload_memcheck-amd64-linux.so)
==2539==    by 0x48A3BAC: xmalloc (in /usr/lib/x86_64-linux-gnu/libreadline.so.8.1)
==2539==    by 0x489AB1D: alloc_history_entry (in /usr/lib/x86_64-linux-gnu/libreadline.so.8.1)
==2539==    by 0x489CF65: add_history (in /usr/lib/x86_64-linux-gnu/libreadline.so.8.1)
==2539==    by 0x1097A2: main (main.c:63)
==2539== 
==2539== 48 (32 direct, 16 indirect) bytes in 2 blocks are definitely lost in loss record 20 of 68
==2539==    at 0x4848899: malloc (in /usr/libexec/valgrind/vgpreload_memcheck-amd64-linux.so)
==2539==    by 0x10BF5E: word_slicer (word.c:66)
==2539==    by 0x10B3B6: parsing (parsing.c:79)
==2539==    by 0x10972B: main (main.c:54)
==2539== 
==2539== 78 bytes in 1 blocks are still reachable in loss record 21 of 68
==2539==    at 0x4848899: malloc (in /usr/libexec/valgrind/vgpreload_memcheck-amd64-linux.so)
==2539==    by 0x4AF704B: ??? (in /usr/lib/x86_64-linux-gnu/libtinfo.so.6.3)
==2539==    by 0x4B0287D: _nc_setupterm (in /usr/lib/x86_64-linux-gnu/libtinfo.so.6.3)
==2539==    by 0x4B034C9: tgetent_sp (in /usr/lib/x86_64-linux-gnu/libtinfo.so.6.3)
==2539==    by 0x489F1CD: _rl_init_terminal_io (in /usr/lib/x86_64-linux-gnu/libreadline.so.8.1)
==2539==    by 0x488BA0F: rl_initialize (in /usr/lib/x86_64-linux-gnu/libreadline.so.8.1)
==2539==    by 0x488BCD4: readline (in /usr/lib/x86_64-linux-gnu/libreadline.so.8.1)
==2539==    by 0x1096ED: main (main.c:47)
==2539== 
==2539== 93 bytes in 1 blocks are still reachable in loss record 22 of 68
==2539==    at 0x4848899: malloc (in /usr/libexec/valgrind/vgpreload_memcheck-amd64-linux.so)
==2539==    by 0x496658E: strdup (strdup.c:42)
==2539==    by 0x4AFAD54: ??? (in /usr/lib/x86_64-linux-gnu/libtinfo.so.6.3)
==2539==    by 0x4AFE098: _nc_tiparm (in /usr/lib/x86_64-linux-gnu/libtinfo.so.6.3)
==2539==    by 0x4B04C7D: ??? (in /usr/lib/x86_64-linux-gnu/libtinfo.so.6.3)
==2539==    by 0x4B04D09: _nc_trim_sgr0 (in /usr/lib/x86_64-linux-gnu/libtinfo.so.6.3)
==2539==    by 0x4B036A8: tgetent_sp (in /usr/lib/x86_64-linux-gnu/libtinfo.so.6.3)
==2539==    by 0x489F1CD: _rl_init_terminal_io (in /usr/lib/x86_64-linux-gnu/libreadline.so.8.1)
==2539==    by 0x488BA0F: rl_initialize (in /usr/lib/x86_64-linux-gnu/libreadline.so.8.1)
==2539==    by 0x488BCD4: readline (in /usr/lib/x86_64-linux-gnu/libreadline.so.8.1)
==2539==    by 0x1096ED: main (main.c:47)
==2539== 
==2539== 94 bytes in 1 blocks are still reachable in loss record 23 of 68
==2539==    at 0x4848899: malloc (in /usr/libexec/valgrind/vgpreload_memcheck-amd64-linux.so)
==2539==    by 0x4AF879A: _nc_first_db (in /usr/lib/x86_64-linux-gnu/libtinfo.so.6.3)
==2539==    by 0x4B02696: _nc_read_entry2 (in /usr/lib/x86_64-linux-gnu/libtinfo.so.6.3)
==2539==    by 0x4B02711: ??? (in /usr/lib/x86_64-linux-gnu/libtinfo.so.6.3)
==2539==    by 0x4B02866: _nc_setupterm (in /usr/lib/x86_64-linux-gnu/libtinfo.so.6.3)
==2539==    by 0x4B034C9: tgetent_sp (in /usr/lib/x86_64-linux-gnu/libtinfo.so.6.3)
==2539==    by 0x489F1CD: _rl_init_terminal_io (in /usr/lib/x86_64-linux-gnu/libreadline.so.8.1)
==2539==    by 0x488BA0F: rl_initialize (in /usr/lib/x86_64-linux-gnu/libreadline.so.8.1)
==2539==    by 0x488BCD4: readline (in /usr/lib/x86_64-linux-gnu/libreadline.so.8.1)
==2539==    by 0x1096ED: main (main.c:47)
==2539== 
==2539== 94 bytes in 1 blocks are still reachable in loss record 24 of 68
==2539==    at 0x4848899: malloc (in /usr/libexec/valgrind/vgpreload_memcheck-amd64-linux.so)
==2539==    by 0x4AFA95B: _nc_tparm_analyze (in /usr/lib/x86_64-linux-gnu/libtinfo.so.6.3)
==2539==    by 0x4AFAC62: ??? (in /usr/lib/x86_64-linux-gnu/libtinfo.so.6.3)
==2539==    by 0x4AFE098: _nc_tiparm (in /usr/lib/x86_64-linux-gnu/libtinfo.so.6.3)
==2539==    by 0x4B04C7D: ??? (in /usr/lib/x86_64-linux-gnu/libtinfo.so.6.3)
==2539==    by 0x4B04D09: _nc_trim_sgr0 (in /usr/lib/x86_64-linux-gnu/libtinfo.so.6.3)
==2539==    by 0x4B036A8: tgetent_sp (in /usr/lib/x86_64-linux-gnu/libtinfo.so.6.3)
==2539==    by 0x489F1CD: _rl_init_terminal_io (in /usr/lib/x86_64-linux-gnu/libreadline.so.8.1)
==2539==    by 0x488BA0F: rl_initialize (in /usr/lib/x86_64-linux-gnu/libreadline.so.8.1)
==2539==    by 0x488BCD4: readline (in /usr/lib/x86_64-linux-gnu/libreadline.so.8.1)
==2539==    by 0x1096ED: main (main.c:47)
==2539== 
==2539== 156 bytes in 1 blocks are still reachable in loss record 25 of 68
==2539==    at 0x484DCD3: realloc (in /usr/libexec/valgrind/vgpreload_memcheck-amd64-linux.so)
==2539==    by 0x4AF76CC: _nc_doalloc (in /usr/lib/x86_64-linux-gnu/libtinfo.so.6.3)
==2539==    by 0x4B02197: _nc_read_termtype (in /usr/lib/x86_64-linux-gnu/libtinfo.so.6.3)
==2539==    by 0x4B0252A: ??? (in /usr/lib/x86_64-linux-gnu/libtinfo.so.6.3)
==2539==    by 0x4B04C40: ??? (in /usr/lib/x86_64-linux-gnu/libtinfo.so.6.3)
==2539==    by 0x4B026BB: _nc_read_entry2 (in /usr/lib/x86_64-linux-gnu/libtinfo.so.6.3)
==2539==    by 0x4B02711: ??? (in /usr/lib/x86_64-linux-gnu/libtinfo.so.6.3)
==2539==    by 0x4B02866: _nc_setupterm (in /usr/lib/x86_64-linux-gnu/libtinfo.so.6.3)
==2539==    by 0x4B034C9: tgetent_sp (in /usr/lib/x86_64-linux-gnu/libtinfo.so.6.3)
==2539==    by 0x489F1CD: _rl_init_terminal_io (in /usr/lib/x86_64-linux-gnu/libreadline.so.8.1)
==2539==    by 0x488BA0F: rl_initialize (in /usr/lib/x86_64-linux-gnu/libreadline.so.8.1)
==2539==    by 0x488BCD4: readline (in /usr/lib/x86_64-linux-gnu/libreadline.so.8.1)
==2539== 
==2539== 168 bytes in 1 blocks are still reachable in loss record 26 of 68
==2539==    at 0x484DA83: calloc (in /usr/libexec/valgrind/vgpreload_memcheck-amd64-linux.so)
==2539==    by 0x4AFACCD: ??? (in /usr/lib/x86_64-linux-gnu/libtinfo.so.6.3)
==2539==    by 0x4AFE098: _nc_tiparm (in /usr/lib/x86_64-linux-gnu/libtinfo.so.6.3)
==2539==    by 0x4B04C7D: ??? (in /usr/lib/x86_64-linux-gnu/libtinfo.so.6.3)
==2539==    by 0x4B04D09: _nc_trim_sgr0 (in /usr/lib/x86_64-linux-gnu/libtinfo.so.6.3)
==2539==    by 0x4B036A8: tgetent_sp (in /usr/lib/x86_64-linux-gnu/libtinfo.so.6.3)
==2539==    by 0x489F1CD: _rl_init_terminal_io (in /usr/lib/x86_64-linux-gnu/libreadline.so.8.1)
==2539==    by 0x488BA0F: rl_initialize (in /usr/lib/x86_64-linux-gnu/libreadline.so.8.1)
==2539==    by 0x488BCD4: readline (in /usr/lib/x86_64-linux-gnu/libreadline.so.8.1)
==2539==    by 0x1096ED: main (main.c:47)
==2539== 
==2539== 256 bytes in 1 blocks are still reachable in loss record 27 of 68
==2539==    at 0x4848899: malloc (in /usr/libexec/valgrind/vgpreload_memcheck-amd64-linux.so)
==2539==    by 0x48A3BAC: xmalloc (in /usr/lib/x86_64-linux-gnu/libreadline.so.8.1)
==2539==    by 0x488BC86: rl_initialize (in /usr/lib/x86_64-linux-gnu/libreadline.so.8.1)
==2539==    by 0x488BCD4: readline (in /usr/lib/x86_64-linux-gnu/libreadline.so.8.1)
==2539==    by 0x1096ED: main (main.c:47)
==2539== 
==2539== 608 bytes in 1 blocks are still reachable in loss record 28 of 68
==2539==    at 0x484DA83: calloc (in /usr/libexec/valgrind/vgpreload_memcheck-amd64-linux.so)
==2539==    by 0x4B0237E: _nc_read_termtype (in /usr/lib/x86_64-linux-gnu/libtinfo.so.6.3)
==2539==    by 0x4B0252A: ??? (in /usr/lib/x86_64-linux-gnu/libtinfo.so.6.3)
==2539==    by 0x4B04C40: ??? (in /usr/lib/x86_64-linux-gnu/libtinfo.so.6.3)
==2539==    by 0x4B026BB: _nc_read_entry2 (in /usr/lib/x86_64-linux-gnu/libtinfo.so.6.3)
==2539==    by 0x4B02711: ??? (in /usr/lib/x86_64-linux-gnu/libtinfo.so.6.3)
==2539==    by 0x4B02866: _nc_setupterm (in /usr/lib/x86_64-linux-gnu/libtinfo.so.6.3)
==2539==    by 0x4B034C9: tgetent_sp (in /usr/lib/x86_64-linux-gnu/libtinfo.so.6.3)
==2539==    by 0x489F1CD: _rl_init_terminal_io (in /usr/lib/x86_64-linux-gnu/libreadline.so.8.1)
==2539==    by 0x488BA0F: rl_initialize (in /usr/lib/x86_64-linux-gnu/libreadline.so.8.1)
==2539==    by 0x488BCD4: readline (in /usr/lib/x86_64-linux-gnu/libreadline.so.8.1)
==2539==    by 0x1096ED: main (main.c:47)
==2539== 
==2539== 608 bytes in 1 blocks are still reachable in loss record 29 of 68
==2539==    at 0x4848899: malloc (in /usr/libexec/valgrind/vgpreload_memcheck-amd64-linux.so)
==2539==    by 0x4AF7119: ??? (in /usr/lib/x86_64-linux-gnu/libtinfo.so.6.3)
==2539==    by 0x4B0287D: _nc_setupterm (in /usr/lib/x86_64-linux-gnu/libtinfo.so.6.3)
==2539==    by 0x4B034C9: tgetent_sp (in /usr/lib/x86_64-linux-gnu/libtinfo.so.6.3)
==2539==    by 0x489F1CD: _rl_init_terminal_io (in /usr/lib/x86_64-linux-gnu/libreadline.so.8.1)
==2539==    by 0x488BA0F: rl_initialize (in /usr/lib/x86_64-linux-gnu/libreadline.so.8.1)
==2539==    by 0x488BCD4: readline (in /usr/lib/x86_64-linux-gnu/libreadline.so.8.1)
==2539==    by 0x1096ED: main (main.c:47)
==2539== 
==2539== 760 bytes in 1 blocks are still reachable in loss record 30 of 68
==2539==    at 0x484DA83: calloc (in /usr/libexec/valgrind/vgpreload_memcheck-amd64-linux.so)
==2539==    by 0x4B02819: _nc_setupterm (in /usr/lib/x86_64-linux-gnu/libtinfo.so.6.3)
==2539==    by 0x4B034C9: tgetent_sp (in /usr/lib/x86_64-linux-gnu/libtinfo.so.6.3)
==2539==    by 0x489F1CD: _rl_init_terminal_io (in /usr/lib/x86_64-linux-gnu/libreadline.so.8.1)
==2539==    by 0x488BA0F: rl_initialize (in /usr/lib/x86_64-linux-gnu/libreadline.so.8.1)
==2539==    by 0x488BCD4: readline (in /usr/lib/x86_64-linux-gnu/libreadline.so.8.1)
==2539==    by 0x1096ED: main (main.c:47)
==2539== 
==2539== 940 bytes in 1 blocks are still reachable in loss record 31 of 68
==2539==    at 0x4848899: malloc (in /usr/libexec/valgrind/vgpreload_memcheck-amd64-linux.so)
==2539==    by 0x4B02287: _nc_read_termtype (in /usr/lib/x86_64-linux-gnu/libtinfo.so.6.3)
==2539==    by 0x4B0252A: ??? (in /usr/lib/x86_64-linux-gnu/libtinfo.so.6.3)
==2539==    by 0x4B04C40: ??? (in /usr/lib/x86_64-linux-gnu/libtinfo.so.6.3)
==2539==    by 0x4B026BB: _nc_read_entry2 (in /usr/lib/x86_64-linux-gnu/libtinfo.so.6.3)
==2539==    by 0x4B02711: ??? (in /usr/lib/x86_64-linux-gnu/libtinfo.so.6.3)
==2539==    by 0x4B02866: _nc_setupterm (in /usr/lib/x86_64-linux-gnu/libtinfo.so.6.3)
==2539==    by 0x4B034C9: tgetent_sp (in /usr/lib/x86_64-linux-gnu/libtinfo.so.6.3)
==2539==    by 0x489F1CD: _rl_init_terminal_io (in /usr/lib/x86_64-linux-gnu/libreadline.so.8.1)
==2539==    by 0x488BA0F: rl_initialize (in /usr/lib/x86_64-linux-gnu/libreadline.so.8.1)
==2539==    by 0x488BCD4: readline (in /usr/lib/x86_64-linux-gnu/libreadline.so.8.1)
==2539==    by 0x1096ED: main (main.c:47)
==2539== 
==2539== 1,024 bytes in 1 blocks are still reachable in loss record 32 of 68
==2539==    at 0x4848899: malloc (in /usr/libexec/valgrind/vgpreload_memcheck-amd64-linux.so)
==2539==    by 0x48A44A7: xrealloc (in /usr/lib/x86_64-linux-gnu/libreadline.so.8.1)
==2539==    by 0x488DC7B: ??? (in /usr/lib/x86_64-linux-gnu/libreadline.so.8.1)
==2539==    by 0x488DD67: ??? (in /usr/lib/x86_64-linux-gnu/libreadline.so.8.1)
==2539==    by 0x4896C7E: rl_redisplay (in /usr/lib/x86_64-linux-gnu/libreadline.so.8.1)
==2539==    by 0x4881458: readline_internal_setup (in /usr/lib/x86_64-linux-gnu/libreadline.so.8.1)
==2539==    by 0x488BCF8: readline (in /usr/lib/x86_64-linux-gnu/libreadline.so.8.1)
==2539==    by 0x1096ED: main (main.c:47)
==2539== 
==2539== 1,024 bytes in 1 blocks are still reachable in loss record 33 of 68
==2539==    at 0x4848899: malloc (in /usr/libexec/valgrind/vgpreload_memcheck-amd64-linux.so)
==2539==    by 0x48A44A7: xrealloc (in /usr/lib/x86_64-linux-gnu/libreadline.so.8.1)
==2539==    by 0x488DC8B: ??? (in /usr/lib/x86_64-linux-gnu/libreadline.so.8.1)
==2539==    by 0x488DD67: ??? (in /usr/lib/x86_64-linux-gnu/libreadline.so.8.1)
==2539==    by 0x4896C7E: rl_redisplay (in /usr/lib/x86_64-linux-gnu/libreadline.so.8.1)
==2539==    by 0x4881458: readline_internal_setup (in /usr/lib/x86_64-linux-gnu/libreadline.so.8.1)
==2539==    by 0x488BCF8: readline (in /usr/lib/x86_64-linux-gnu/libreadline.so.8.1)
==2539==    by 0x1096ED: main (main.c:47)
==2539== 
==2539== 1,024 bytes in 1 blocks are still reachable in loss record 34 of 68
==2539==    at 0x4848899: malloc (in /usr/libexec/valgrind/vgpreload_memcheck-amd64-linux.so)
==2539==    by 0x48A44A7: xrealloc (in /usr/lib/x86_64-linux-gnu/libreadline.so.8.1)
==2539==    by 0x488DCA2: ??? (in /usr/lib/x86_64-linux-gnu/libreadline.so.8.1)
==2539==    by 0x488DD67: ??? (in /usr/lib/x86_64-linux-gnu/libreadline.so.8.1)
==2539==    by 0x4896C7E: rl_redisplay (in /usr/lib/x86_64-linux-gnu/libreadline.so.8.1)
==2539==    by 0x4881458: readline_internal_setup (in /usr/lib/x86_64-linux-gnu/libreadline.so.8.1)
==2539==    by 0x488BCF8: readline (in /usr/lib/x86_64-linux-gnu/libreadline.so.8.1)
==2539==    by 0x1096ED: main (main.c:47)
==2539== 
==2539== 1,024 bytes in 1 blocks are still reachable in loss record 35 of 68
==2539==    at 0x4848899: malloc (in /usr/libexec/valgrind/vgpreload_memcheck-amd64-linux.so)
==2539==    by 0x48A44A7: xrealloc (in /usr/lib/x86_64-linux-gnu/libreadline.so.8.1)
==2539==    by 0x488DCBB: ??? (in /usr/lib/x86_64-linux-gnu/libreadline.so.8.1)
==2539==    by 0x488DD67: ??? (in /usr/lib/x86_64-linux-gnu/libreadline.so.8.1)
==2539==    by 0x4896C7E: rl_redisplay (in /usr/lib/x86_64-linux-gnu/libreadline.so.8.1)
==2539==    by 0x4881458: readline_internal_setup (in /usr/lib/x86_64-linux-gnu/libreadline.so.8.1)
==2539==    by 0x488BCF8: readline (in /usr/lib/x86_64-linux-gnu/libreadline.so.8.1)
==2539==    by 0x1096ED: main (main.c:47)
==2539== 
==2539== 1,024 bytes in 1 blocks are still reachable in loss record 36 of 68
==2539==    at 0x4848899: malloc (in /usr/libexec/valgrind/vgpreload_memcheck-amd64-linux.so)
==2539==    by 0x48A3BAC: xmalloc (in /usr/lib/x86_64-linux-gnu/libreadline.so.8.1)
==2539==    by 0x488DDC5: ??? (in /usr/lib/x86_64-linux-gnu/libreadline.so.8.1)
==2539==    by 0x4896C7E: rl_redisplay (in /usr/lib/x86_64-linux-gnu/libreadline.so.8.1)
==2539==    by 0x4881458: readline_internal_setup (in /usr/lib/x86_64-linux-gnu/libreadline.so.8.1)
==2539==    by 0x488BCF8: readline (in /usr/lib/x86_64-linux-gnu/libreadline.so.8.1)
==2539==    by 0x1096ED: main (main.c:47)
==2539== 
==2539== 1,024 bytes in 1 blocks are still reachable in loss record 37 of 68
==2539==    at 0x4848899: malloc (in /usr/libexec/valgrind/vgpreload_memcheck-amd64-linux.so)
==2539==    by 0x48A3BAC: xmalloc (in /usr/lib/x86_64-linux-gnu/libreadline.so.8.1)
==2539==    by 0x488DDDA: ??? (in /usr/lib/x86_64-linux-gnu/libreadline.so.8.1)
==2539==    by 0x4896C7E: rl_redisplay (in /usr/lib/x86_64-linux-gnu/libreadline.so.8.1)
==2539==    by 0x4881458: readline_internal_setup (in /usr/lib/x86_64-linux-gnu/libreadline.so.8.1)
==2539==    by 0x488BCF8: readline (in /usr/lib/x86_64-linux-gnu/libreadline.so.8.1)
==2539==    by 0x1096ED: main (main.c:47)
==2539== 
==2539== 1,024 bytes in 1 blocks are still reachable in loss record 38 of 68
==2539==    at 0x4848899: malloc (in /usr/libexec/valgrind/vgpreload_memcheck-amd64-linux.so)
==2539==    by 0x48A3BAC: xmalloc (in /usr/lib/x86_64-linux-gnu/libreadline.so.8.1)
==2539==    by 0x488DDE8: ??? (in /usr/lib/x86_64-linux-gnu/libreadline.so.8.1)
==2539==    by 0x4896C7E: rl_redisplay (in /usr/lib/x86_64-linux-gnu/libreadline.so.8.1)
==2539==    by 0x4881458: readline_internal_setup (in /usr/lib/x86_64-linux-gnu/libreadline.so.8.1)
==2539==    by 0x488BCF8: readline (in /usr/lib/x86_64-linux-gnu/libreadline.so.8.1)
==2539==    by 0x1096ED: main (main.c:47)
==2539== 
==2539== 1,024 bytes in 1 blocks are still reachable in loss record 39 of 68
==2539==    at 0x4848899: malloc (in /usr/libexec/valgrind/vgpreload_memcheck-amd64-linux.so)
==2539==    by 0x48A3BAC: xmalloc (in /usr/lib/x86_64-linux-gnu/libreadline.so.8.1)
==2539==    by 0x488DDF6: ??? (in /usr/lib/x86_64-linux-gnu/libreadline.so.8.1)
==2539==    by 0x4896C7E: rl_redisplay (in /usr/lib/x86_64-linux-gnu/libreadline.so.8.1)
==2539==    by 0x4881458: readline_internal_setup (in /usr/lib/x86_64-linux-gnu/libreadline.so.8.1)
==2539==    by 0x488BCF8: readline (in /usr/lib/x86_64-linux-gnu/libreadline.so.8.1)
==2539==    by 0x1096ED: main (main.c:47)
==2539== 
==2539== 1,536 bytes in 1 blocks are still reachable in loss record 40 of 68
==2539==    at 0x484DCD3: realloc (in /usr/libexec/valgrind/vgpreload_memcheck-amd64-linux.so)
==2539==    by 0x48A4491: xrealloc (in /usr/lib/x86_64-linux-gnu/libreadline.so.8.1)
==2539==    by 0x4881877: rl_add_funmap_entry (in /usr/lib/x86_64-linux-gnu/libreadline.so.8.1)
==2539==    by 0x48818C8: rl_initialize_funmap (in /usr/lib/x86_64-linux-gnu/libreadline.so.8.1)
==2539==    by 0x488BA2C: rl_initialize (in /usr/lib/x86_64-linux-gnu/libreadline.so.8.1)
==2539==    by 0x488BCD4: readline (in /usr/lib/x86_64-linux-gnu/libreadline.so.8.1)
==2539==    by 0x1096ED: main (main.c:47)
==2539== 
==2539== 1,664 bytes in 1 blocks are still reachable in loss record 41 of 68
==2539==    at 0x4848899: malloc (in /usr/libexec/valgrind/vgpreload_memcheck-amd64-linux.so)
==2539==    by 0x4B01ACD: _nc_read_termtype (in /usr/lib/x86_64-linux-gnu/libtinfo.so.6.3)
==2539==    by 0x4B0252A: ??? (in /usr/lib/x86_64-linux-gnu/libtinfo.so.6.3)
==2539==    by 0x4B04C40: ??? (in /usr/lib/x86_64-linux-gnu/libtinfo.so.6.3)
==2539==    by 0x4B026BB: _nc_read_entry2 (in /usr/lib/x86_64-linux-gnu/libtinfo.so.6.3)
==2539==    by 0x4B02711: ??? (in /usr/lib/x86_64-linux-gnu/libtinfo.so.6.3)
==2539==    by 0x4B02866: _nc_setupterm (in /usr/lib/x86_64-linux-gnu/libtinfo.so.6.3)
==2539==    by 0x4B034C9: tgetent_sp (in /usr/lib/x86_64-linux-gnu/libtinfo.so.6.3)
==2539==    by 0x489F1CD: _rl_init_terminal_io (in /usr/lib/x86_64-linux-gnu/libreadline.so.8.1)
==2539==    by 0x488BA0F: rl_initialize (in /usr/lib/x86_64-linux-gnu/libreadline.so.8.1)
==2539==    by 0x488BCD4: readline (in /usr/lib/x86_64-linux-gnu/libreadline.so.8.1)
==2539==    by 0x1096ED: main (main.c:47)
==2539== 
==2539== 2,032 bytes in 1 blocks are still reachable in loss record 42 of 68
==2539==    at 0x4848899: malloc (in /usr/libexec/valgrind/vgpreload_memcheck-amd64-linux.so)
==2539==    by 0x48A3BAC: xmalloc (in /usr/lib/x86_64-linux-gnu/libreadline.so.8.1)
==2539==    by 0x489F419: _rl_init_terminal_io (in /usr/lib/x86_64-linux-gnu/libreadline.so.8.1)
==2539==    by 0x488BA0F: rl_initialize (in /usr/lib/x86_64-linux-gnu/libreadline.so.8.1)
==2539==    by 0x488BCD4: readline (in /usr/lib/x86_64-linux-gnu/libreadline.so.8.1)
==2539==    by 0x1096ED: main (main.c:47)
==2539== 
==2539== 2,240 bytes in 140 blocks are still reachable in loss record 43 of 68
==2539==    at 0x4848899: malloc (in /usr/libexec/valgrind/vgpreload_memcheck-amd64-linux.so)
==2539==    by 0x48A3BAC: xmalloc (in /usr/lib/x86_64-linux-gnu/libreadline.so.8.1)
==2539==    by 0x4881822: rl_add_funmap_entry (in /usr/lib/x86_64-linux-gnu/libreadline.so.8.1)
==2539==    by 0x48818C8: rl_initialize_funmap (in /usr/lib/x86_64-linux-gnu/libreadline.so.8.1)
==2539==    by 0x488BA2C: rl_initialize (in /usr/lib/x86_64-linux-gnu/libreadline.so.8.1)
==2539==    by 0x488BCD4: readline (in /usr/lib/x86_64-linux-gnu/libreadline.so.8.1)
==2539==    by 0x1096ED: main (main.c:47)
==2539== 
==2539== 3,904 bytes in 1 blocks are still reachable in loss record 44 of 68
==2539==    at 0x484DCD3: realloc (in /usr/libexec/valgrind/vgpreload_memcheck-amd64-linux.so)
==2539==    by 0x4AF76CC: _nc_doalloc (in /usr/lib/x86_64-linux-gnu/libtinfo.so.6.3)
==2539==    by 0x4B021B5: _nc_read_termtype (in /usr/lib/x86_64-linux-gnu/libtinfo.so.6.3)
==2539==    by 0x4B0252A: ??? (in /usr/lib/x86_64-linux-gnu/libtinfo.so.6.3)
==2539==    by 0x4B04C40: ??? (in /usr/lib/x86_64-linux-gnu/libtinfo.so.6.3)
==2539==    by 0x4B026BB: _nc_read_entry2 (in /usr/lib/x86_64-linux-gnu/libtinfo.so.6.3)
==2539==    by 0x4B02711: ??? (in /usr/lib/x86_64-linux-gnu/libtinfo.so.6.3)
==2539==    by 0x4B02866: _nc_setupterm (in /usr/lib/x86_64-linux-gnu/libtinfo.so.6.3)
==2539==    by 0x4B034C9: tgetent_sp (in /usr/lib/x86_64-linux-gnu/libtinfo.so.6.3)
==2539==    by 0x489F1CD: _rl_init_terminal_io (in /usr/lib/x86_64-linux-gnu/libreadline.so.8.1)
==2539==    by 0x488BA0F: rl_initialize (in /usr/lib/x86_64-linux-gnu/libreadline.so.8.1)
==2539==    by 0x488BCD4: readline (in /usr/lib/x86_64-linux-gnu/libreadline.so.8.1)
==2539== 
==2539== 3,904 bytes in 1 blocks are still reachable in loss record 45 of 68
==2539==    at 0x4848899: malloc (in /usr/libexec/valgrind/vgpreload_memcheck-amd64-linux.so)
==2539==    by 0x4AF6FFF: ??? (in /usr/lib/x86_64-linux-gnu/libtinfo.so.6.3)
==2539==    by 0x4B0287D: _nc_setupterm (in /usr/lib/x86_64-linux-gnu/libtinfo.so.6.3)
==2539==    by 0x4B034C9: tgetent_sp (in /usr/lib/x86_64-linux-gnu/libtinfo.so.6.3)
==2539==    by 0x489F1CD: _rl_init_terminal_io (in /usr/lib/x86_64-linux-gnu/libreadline.so.8.1)
==2539==    by 0x488BA0F: rl_initialize (in /usr/lib/x86_64-linux-gnu/libreadline.so.8.1)
==2539==    by 0x488BCD4: readline (in /usr/lib/x86_64-linux-gnu/libreadline.so.8.1)
==2539==    by 0x1096ED: main (main.c:47)
==2539== 
==2539== 4,016 bytes in 1 blocks are still reachable in loss record 46 of 68
==2539==    at 0x4848899: malloc (in /usr/libexec/valgrind/vgpreload_memcheck-amd64-linux.so)
==2539==    by 0x48A3BAC: xmalloc (in /usr/lib/x86_64-linux-gnu/libreadline.so.8.1)
==2539==    by 0x489CFD6: add_history (in /usr/lib/x86_64-linux-gnu/libreadline.so.8.1)
==2539==    by 0x1097A2: main (main.c:63)
==2539== 
==2539== 4,080 bytes in 1 blocks are still reachable in loss record 47 of 68
==2539==    at 0x4848899: malloc (in /usr/libexec/valgrind/vgpreload_memcheck-amd64-linux.so)
==2539==    by 0x48A3BAC: xmalloc (in /usr/lib/x86_64-linux-gnu/libreadline.so.8.1)
==2539==    by 0x489F3F9: _rl_init_terminal_io (in /usr/lib/x86_64-linux-gnu/libreadline.so.8.1)
==2539==    by 0x488BA0F: rl_initialize (in /usr/lib/x86_64-linux-gnu/libreadline.so.8.1)
==2539==    by 0x488BCD4: readline (in /usr/lib/x86_64-linux-gnu/libreadline.so.8.1)
==2539==    by 0x1096ED: main (main.c:47)
==2539== 
==2539== 4,112 bytes in 1 blocks are still reachable in loss record 48 of 68
==2539==    at 0x4848899: malloc (in /usr/libexec/valgrind/vgpreload_memcheck-amd64-linux.so)
==2539==    by 0x48A3BAC: xmalloc (in /usr/lib/x86_64-linux-gnu/libreadline.so.8.1)
==2539==    by 0x4880251: rl_make_bare_keymap (in /usr/lib/x86_64-linux-gnu/libreadline.so.8.1)
==2539==    by 0x4880B6A: rl_generic_bind (in /usr/lib/x86_64-linux-gnu/libreadline.so.8.1)
==2539==    by 0x488B75D: rl_bind_keyseq_if_unbound_in_map (in /usr/lib/x86_64-linux-gnu/libreadline.so.8.1)
==2539==    by 0x489EDD5: ??? (in /usr/lib/x86_64-linux-gnu/libreadline.so.8.1)
==2539==    by 0x489F31F: _rl_init_terminal_io (in /usr/lib/x86_64-linux-gnu/libreadline.so.8.1)
==2539==    by 0x488BA0F: rl_initialize (in /usr/lib/x86_64-linux-gnu/libreadline.so.8.1)
==2539==    by 0x488BCD4: readline (in /usr/lib/x86_64-linux-gnu/libreadline.so.8.1)
==2539==    by 0x1096ED: main (main.c:47)
==2539== 
==2539== 4,112 bytes in 1 blocks are still reachable in loss record 49 of 68
==2539==    at 0x4848899: malloc (in /usr/libexec/valgrind/vgpreload_memcheck-amd64-linux.so)
==2539==    by 0x48A3BAC: xmalloc (in /usr/lib/x86_64-linux-gnu/libreadline.so.8.1)
==2539==    by 0x4880251: rl_make_bare_keymap (in /usr/lib/x86_64-linux-gnu/libreadline.so.8.1)
==2539==    by 0x4880B6A: rl_generic_bind (in /usr/lib/x86_64-linux-gnu/libreadline.so.8.1)
==2539==    by 0x488B75D: rl_bind_keyseq_if_unbound_in_map (in /usr/lib/x86_64-linux-gnu/libreadline.so.8.1)
==2539==    by 0x489EE5A: ??? (in /usr/lib/x86_64-linux-gnu/libreadline.so.8.1)
==2539==    by 0x489F31F: _rl_init_terminal_io (in /usr/lib/x86_64-linux-gnu/libreadline.so.8.1)
==2539==    by 0x488BA0F: rl_initialize (in /usr/lib/x86_64-linux-gnu/libreadline.so.8.1)
==2539==    by 0x488BCD4: readline (in /usr/lib/x86_64-linux-gnu/libreadline.so.8.1)
==2539==    by 0x1096ED: main (main.c:47)
==2539== 
==2539== 4,112 bytes in 1 blocks are still reachable in loss record 50 of 68
==2539==    at 0x4848899: malloc (in /usr/libexec/valgrind/vgpreload_memcheck-amd64-linux.so)
==2539==    by 0x48A3BAC: xmalloc (in /usr/lib/x86_64-linux-gnu/libreadline.so.8.1)
==2539==    by 0x4880251: rl_make_bare_keymap (in /usr/lib/x86_64-linux-gnu/libreadline.so.8.1)
==2539==    by 0x4880B6A: rl_generic_bind (in /usr/lib/x86_64-linux-gnu/libreadline.so.8.1)
==2539==    by 0x488B75D: rl_bind_keyseq_if_unbound_in_map (in /usr/lib/x86_64-linux-gnu/libreadline.so.8.1)
==2539==    by 0x489EE5A: ??? (in /usr/lib/x86_64-linux-gnu/libreadline.so.8.1)
==2539==    by 0x489F32B: _rl_init_terminal_io (in /usr/lib/x86_64-linux-gnu/libreadline.so.8.1)
==2539==    by 0x488BA0F: rl_initialize (in /usr/lib/x86_64-linux-gnu/libreadline.so.8.1)
==2539==    by 0x488BCD4: readline (in /usr/lib/x86_64-linux-gnu/libreadline.so.8.1)
==2539==    by 0x1096ED: main (main.c:47)
==2539== 
==2539== 4,112 bytes in 1 blocks are still reachable in loss record 51 of 68
==2539==    at 0x4848899: malloc (in /usr/libexec/valgrind/vgpreload_memcheck-amd64-linux.so)
==2539==    by 0x48A3BAC: xmalloc (in /usr/lib/x86_64-linux-gnu/libreadline.so.8.1)
==2539==    by 0x4880251: rl_make_bare_keymap (in /usr/lib/x86_64-linux-gnu/libreadline.so.8.1)
==2539==    by 0x4880B6A: rl_generic_bind (in /usr/lib/x86_64-linux-gnu/libreadline.so.8.1)
==2539==    by 0x488B75D: rl_bind_keyseq_if_unbound_in_map (in /usr/lib/x86_64-linux-gnu/libreadline.so.8.1)
==2539==    by 0x489EE5A: ??? (in /usr/lib/x86_64-linux-gnu/libreadline.so.8.1)
==2539==    by 0x489F337: _rl_init_terminal_io (in /usr/lib/x86_64-linux-gnu/libreadline.so.8.1)
==2539==    by 0x488BA0F: rl_initialize (in /usr/lib/x86_64-linux-gnu/libreadline.so.8.1)
==2539==    by 0x488BCD4: readline (in /usr/lib/x86_64-linux-gnu/libreadline.so.8.1)
==2539==    by 0x1096ED: main (main.c:47)
==2539== 
==2539== 4,112 bytes in 1 blocks are still reachable in loss record 52 of 68
==2539==    at 0x4848899: malloc (in /usr/libexec/valgrind/vgpreload_memcheck-amd64-linux.so)
==2539==    by 0x48A3BAC: xmalloc (in /usr/lib/x86_64-linux-gnu/libreadline.so.8.1)
==2539==    by 0x4880251: rl_make_bare_keymap (in /usr/lib/x86_64-linux-gnu/libreadline.so.8.1)
==2539==    by 0x4880B6A: rl_generic_bind (in /usr/lib/x86_64-linux-gnu/libreadline.so.8.1)
==2539==    by 0x488B75D: rl_bind_keyseq_if_unbound_in_map (in /usr/lib/x86_64-linux-gnu/libreadline.so.8.1)
==2539==    by 0x488B94C: ??? (in /usr/lib/x86_64-linux-gnu/libreadline.so.8.1)
==2539==    by 0x488BA84: rl_initialize (in /usr/lib/x86_64-linux-gnu/libreadline.so.8.1)
==2539==    by 0x488BCD4: readline (in /usr/lib/x86_64-linux-gnu/libreadline.so.8.1)
==2539==    by 0x1096ED: main (main.c:47)
==2539== 
==2539== 4,112 bytes in 1 blocks are still reachable in loss record 53 of 68
==2539==    at 0x4848899: malloc (in /usr/libexec/valgrind/vgpreload_memcheck-amd64-linux.so)
==2539==    by 0x48A3BAC: xmalloc (in /usr/lib/x86_64-linux-gnu/libreadline.so.8.1)
==2539==    by 0x4880251: rl_make_bare_keymap (in /usr/lib/x86_64-linux-gnu/libreadline.so.8.1)
==2539==    by 0x4880B6A: rl_generic_bind (in /usr/lib/x86_64-linux-gnu/libreadline.so.8.1)
==2539==    by 0x488B75D: rl_bind_keyseq_if_unbound_in_map (in /usr/lib/x86_64-linux-gnu/libreadline.so.8.1)
==2539==    by 0x488B94C: ??? (in /usr/lib/x86_64-linux-gnu/libreadline.so.8.1)
==2539==    by 0x488BA93: rl_initialize (in /usr/lib/x86_64-linux-gnu/libreadline.so.8.1)
==2539==    by 0x488BCD4: readline (in /usr/lib/x86_64-linux-gnu/libreadline.so.8.1)
==2539==    by 0x1096ED: main (main.c:47)
==2539== 
==2539== 4,112 bytes in 1 blocks are still reachable in loss record 54 of 68
==2539==    at 0x4848899: malloc (in /usr/libexec/valgrind/vgpreload_memcheck-amd64-linux.so)
==2539==    by 0x48A3BAC: xmalloc (in /usr/lib/x86_64-linux-gnu/libreadline.so.8.1)
==2539==    by 0x4880251: rl_make_bare_keymap (in /usr/lib/x86_64-linux-gnu/libreadline.so.8.1)
==2539==    by 0x4880B6A: rl_generic_bind (in /usr/lib/x86_64-linux-gnu/libreadline.so.8.1)
==2539==    by 0x488B75D: rl_bind_keyseq_if_unbound_in_map (in /usr/lib/x86_64-linux-gnu/libreadline.so.8.1)
==2539==    by 0x488B94C: ??? (in /usr/lib/x86_64-linux-gnu/libreadline.so.8.1)
==2539==    by 0x488BAB8: rl_initialize (in /usr/lib/x86_64-linux-gnu/libreadline.so.8.1)
==2539==    by 0x488BCD4: readline (in /usr/lib/x86_64-linux-gnu/libreadline.so.8.1)
==2539==    by 0x1096ED: main (main.c:47)
==2539== 
==2539== 7,952 bytes in 1 blocks are still reachable in loss record 55 of 68
==2539==    at 0x484DA83: calloc (in /usr/libexec/valgrind/vgpreload_memcheck-amd64-linux.so)
==2539==    by 0x4AF5C97: ??? (in /usr/lib/x86_64-linux-gnu/libtinfo.so.6.3)
==2539==    by 0x4AF73AF: _nc_find_type_entry (in /usr/lib/x86_64-linux-gnu/libtinfo.so.6.3)
==2539==    by 0x4AF9E4C: tgetstr_sp (in /usr/lib/x86_64-linux-gnu/libtinfo.so.6.3)
==2539==    by 0x489F21A: _rl_init_terminal_io (in /usr/lib/x86_64-linux-gnu/libreadline.so.8.1)
==2539==    by 0x488BA0F: rl_initialize (in /usr/lib/x86_64-linux-gnu/libreadline.so.8.1)
==2539==    by 0x488BCD4: readline (in /usr/lib/x86_64-linux-gnu/libreadline.so.8.1)
==2539==    by 0x1096ED: main (main.c:47)
==2539== 
==2539== 8,224 bytes in 2 blocks are still reachable in loss record 56 of 68
==2539==    at 0x4848899: malloc (in /usr/libexec/valgrind/vgpreload_memcheck-amd64-linux.so)
==2539==    by 0x48A3BAC: xmalloc (in /usr/lib/x86_64-linux-gnu/libreadline.so.8.1)
==2539==    by 0x4880251: rl_make_bare_keymap (in /usr/lib/x86_64-linux-gnu/libreadline.so.8.1)
==2539==    by 0x4880B6A: rl_generic_bind (in /usr/lib/x86_64-linux-gnu/libreadline.so.8.1)
==2539==    by 0x488B75D: rl_bind_keyseq_if_unbound_in_map (in /usr/lib/x86_64-linux-gnu/libreadline.so.8.1)
==2539==    by 0x489EE47: ??? (in /usr/lib/x86_64-linux-gnu/libreadline.so.8.1)
==2539==    by 0x489F31F: _rl_init_terminal_io (in /usr/lib/x86_64-linux-gnu/libreadline.so.8.1)
==2539==    by 0x488BA0F: rl_initialize (in /usr/lib/x86_64-linux-gnu/libreadline.so.8.1)
==2539==    by 0x488BCD4: readline (in /usr/lib/x86_64-linux-gnu/libreadline.so.8.1)
==2539==    by 0x1096ED: main (main.c:47)
==2539== 
==2539== 8,224 bytes in 2 blocks are still reachable in loss record 57 of 68
==2539==    at 0x4848899: malloc (in /usr/libexec/valgrind/vgpreload_memcheck-amd64-linux.so)
==2539==    by 0x48A3BAC: xmalloc (in /usr/lib/x86_64-linux-gnu/libreadline.so.8.1)
==2539==    by 0x4880251: rl_make_bare_keymap (in /usr/lib/x86_64-linux-gnu/libreadline.so.8.1)
==2539==    by 0x4880B6A: rl_generic_bind (in /usr/lib/x86_64-linux-gnu/libreadline.so.8.1)
==2539==    by 0x488B75D: rl_bind_keyseq_if_unbound_in_map (in /usr/lib/x86_64-linux-gnu/libreadline.so.8.1)
==2539==    by 0x489EDD5: ??? (in /usr/lib/x86_64-linux-gnu/libreadline.so.8.1)
==2539==    by 0x489F32B: _rl_init_terminal_io (in /usr/lib/x86_64-linux-gnu/libreadline.so.8.1)
==2539==    by 0x488BA0F: rl_initialize (in /usr/lib/x86_64-linux-gnu/libreadline.so.8.1)
==2539==    by 0x488BCD4: readline (in /usr/lib/x86_64-linux-gnu/libreadline.so.8.1)
==2539==    by 0x1096ED: main (main.c:47)
==2539== 
==2539== 8,224 bytes in 2 blocks are still reachable in loss record 58 of 68
==2539==    at 0x4848899: malloc (in /usr/libexec/valgrind/vgpreload_memcheck-amd64-linux.so)
==2539==    by 0x48A3BAC: xmalloc (in /usr/lib/x86_64-linux-gnu/libreadline.so.8.1)
==2539==    by 0x4880251: rl_make_bare_keymap (in /usr/lib/x86_64-linux-gnu/libreadline.so.8.1)
==2539==    by 0x4880B6A: rl_generic_bind (in /usr/lib/x86_64-linux-gnu/libreadline.so.8.1)
==2539==    by 0x488B75D: rl_bind_keyseq_if_unbound_in_map (in /usr/lib/x86_64-linux-gnu/libreadline.so.8.1)
==2539==    by 0x489EE47: ??? (in /usr/lib/x86_64-linux-gnu/libreadline.so.8.1)
==2539==    by 0x489F32B: _rl_init_terminal_io (in /usr/lib/x86_64-linux-gnu/libreadline.so.8.1)
==2539==    by 0x488BA0F: rl_initialize (in /usr/lib/x86_64-linux-gnu/libreadline.so.8.1)
==2539==    by 0x488BCD4: readline (in /usr/lib/x86_64-linux-gnu/libreadline.so.8.1)
==2539==    by 0x1096ED: main (main.c:47)
==2539== 
==2539== 8,224 bytes in 2 blocks are still reachable in loss record 59 of 68
==2539==    at 0x4848899: malloc (in /usr/libexec/valgrind/vgpreload_memcheck-amd64-linux.so)
==2539==    by 0x48A3BAC: xmalloc (in /usr/lib/x86_64-linux-gnu/libreadline.so.8.1)
==2539==    by 0x4880251: rl_make_bare_keymap (in /usr/lib/x86_64-linux-gnu/libreadline.so.8.1)
==2539==    by 0x4880B6A: rl_generic_bind (in /usr/lib/x86_64-linux-gnu/libreadline.so.8.1)
==2539==    by 0x488B75D: rl_bind_keyseq_if_unbound_in_map (in /usr/lib/x86_64-linux-gnu/libreadline.so.8.1)
==2539==    by 0x489EDD5: ??? (in /usr/lib/x86_64-linux-gnu/libreadline.so.8.1)
==2539==    by 0x489F337: _rl_init_terminal_io (in /usr/lib/x86_64-linux-gnu/libreadline.so.8.1)
==2539==    by 0x488BA0F: rl_initialize (in /usr/lib/x86_64-linux-gnu/libreadline.so.8.1)
==2539==    by 0x488BCD4: readline (in /usr/lib/x86_64-linux-gnu/libreadline.so.8.1)
==2539==    by 0x1096ED: main (main.c:47)
==2539== 
==2539== 8,224 bytes in 2 blocks are still reachable in loss record 60 of 68
==2539==    at 0x4848899: malloc (in /usr/libexec/valgrind/vgpreload_memcheck-amd64-linux.so)
==2539==    by 0x48A3BAC: xmalloc (in /usr/lib/x86_64-linux-gnu/libreadline.so.8.1)
==2539==    by 0x4880251: rl_make_bare_keymap (in /usr/lib/x86_64-linux-gnu/libreadline.so.8.1)
==2539==    by 0x4880B6A: rl_generic_bind (in /usr/lib/x86_64-linux-gnu/libreadline.so.8.1)
==2539==    by 0x488B75D: rl_bind_keyseq_if_unbound_in_map (in /usr/lib/x86_64-linux-gnu/libreadline.so.8.1)
==2539==    by 0x489EE47: ??? (in /usr/lib/x86_64-linux-gnu/libreadline.so.8.1)
==2539==    by 0x489F337: _rl_init_terminal_io (in /usr/lib/x86_64-linux-gnu/libreadline.so.8.1)
==2539==    by 0x488BA0F: rl_initialize (in /usr/lib/x86_64-linux-gnu/libreadline.so.8.1)
==2539==    by 0x488BCD4: readline (in /usr/lib/x86_64-linux-gnu/libreadline.so.8.1)
==2539==    by 0x1096ED: main (main.c:47)
==2539== 
==2539== 8,224 bytes in 2 blocks are still reachable in loss record 61 of 68
==2539==    at 0x4848899: malloc (in /usr/libexec/valgrind/vgpreload_memcheck-amd64-linux.so)
==2539==    by 0x48A3BAC: xmalloc (in /usr/lib/x86_64-linux-gnu/libreadline.so.8.1)
==2539==    by 0x4880251: rl_make_bare_keymap (in /usr/lib/x86_64-linux-gnu/libreadline.so.8.1)
==2539==    by 0x4880B6A: rl_generic_bind (in /usr/lib/x86_64-linux-gnu/libreadline.so.8.1)
==2539==    by 0x488B75D: rl_bind_keyseq_if_unbound_in_map (in /usr/lib/x86_64-linux-gnu/libreadline.so.8.1)
==2539==    by 0x488B93D: ??? (in /usr/lib/x86_64-linux-gnu/libreadline.so.8.1)
==2539==    by 0x488BA84: rl_initialize (in /usr/lib/x86_64-linux-gnu/libreadline.so.8.1)
==2539==    by 0x488BCD4: readline (in /usr/lib/x86_64-linux-gnu/libreadline.so.8.1)
==2539==    by 0x1096ED: main (main.c:47)
==2539== 
==2539== 8,224 bytes in 2 blocks are still reachable in loss record 62 of 68
==2539==    at 0x4848899: malloc (in /usr/libexec/valgrind/vgpreload_memcheck-amd64-linux.so)
==2539==    by 0x48A3BAC: xmalloc (in /usr/lib/x86_64-linux-gnu/libreadline.so.8.1)
==2539==    by 0x4880251: rl_make_bare_keymap (in /usr/lib/x86_64-linux-gnu/libreadline.so.8.1)
==2539==    by 0x4880B6A: rl_generic_bind (in /usr/lib/x86_64-linux-gnu/libreadline.so.8.1)
==2539==    by 0x488B75D: rl_bind_keyseq_if_unbound_in_map (in /usr/lib/x86_64-linux-gnu/libreadline.so.8.1)
==2539==    by 0x488B93D: ??? (in /usr/lib/x86_64-linux-gnu/libreadline.so.8.1)
==2539==    by 0x488BA93: rl_initialize (in /usr/lib/x86_64-linux-gnu/libreadline.so.8.1)
==2539==    by 0x488BCD4: readline (in /usr/lib/x86_64-linux-gnu/libreadline.so.8.1)
==2539==    by 0x1096ED: main (main.c:47)
==2539== 
==2539== 8,224 bytes in 2 blocks are still reachable in loss record 63 of 68
==2539==    at 0x4848899: malloc (in /usr/libexec/valgrind/vgpreload_memcheck-amd64-linux.so)
==2539==    by 0x48A3BAC: xmalloc (in /usr/lib/x86_64-linux-gnu/libreadline.so.8.1)
==2539==    by 0x4880251: rl_make_bare_keymap (in /usr/lib/x86_64-linux-gnu/libreadline.so.8.1)
==2539==    by 0x4880B6A: rl_generic_bind (in /usr/lib/x86_64-linux-gnu/libreadline.so.8.1)
==2539==    by 0x488B75D: rl_bind_keyseq_if_unbound_in_map (in /usr/lib/x86_64-linux-gnu/libreadline.so.8.1)
==2539==    by 0x488B93D: ??? (in /usr/lib/x86_64-linux-gnu/libreadline.so.8.1)
==2539==    by 0x488BAB8: rl_initialize (in /usr/lib/x86_64-linux-gnu/libreadline.so.8.1)
==2539==    by 0x488BCD4: readline (in /usr/lib/x86_64-linux-gnu/libreadline.so.8.1)
==2539==    by 0x1096ED: main (main.c:47)
==2539== 
==2539== 8,224 bytes in 2 blocks are still reachable in loss record 64 of 68
==2539==    at 0x4848899: malloc (in /usr/libexec/valgrind/vgpreload_memcheck-amd64-linux.so)
==2539==    by 0x48A3BAC: xmalloc (in /usr/lib/x86_64-linux-gnu/libreadline.so.8.1)
==2539==    by 0x4880251: rl_make_bare_keymap (in /usr/lib/x86_64-linux-gnu/libreadline.so.8.1)
==2539==    by 0x4880B6A: rl_generic_bind (in /usr/lib/x86_64-linux-gnu/libreadline.so.8.1)
==2539==    by 0x488B75D: rl_bind_keyseq_if_unbound_in_map (in /usr/lib/x86_64-linux-gnu/libreadline.so.8.1)
==2539==    by 0x488BAD2: rl_initialize (in /usr/lib/x86_64-linux-gnu/libreadline.so.8.1)
==2539==    by 0x488BCD4: readline (in /usr/lib/x86_64-linux-gnu/libreadline.so.8.1)
==2539==    by 0x1096ED: main (main.c:47)
==2539== 
==2539== 8,224 bytes in 2 blocks are still reachable in loss record 65 of 68
==2539==    at 0x4848899: malloc (in /usr/libexec/valgrind/vgpreload_memcheck-amd64-linux.so)
==2539==    by 0x48A3BAC: xmalloc (in /usr/lib/x86_64-linux-gnu/libreadline.so.8.1)
==2539==    by 0x4880251: rl_make_bare_keymap (in /usr/lib/x86_64-linux-gnu/libreadline.so.8.1)
==2539==    by 0x4880B6A: rl_generic_bind (in /usr/lib/x86_64-linux-gnu/libreadline.so.8.1)
==2539==    by 0x488B75D: rl_bind_keyseq_if_unbound_in_map (in /usr/lib/x86_64-linux-gnu/libreadline.so.8.1)
==2539==    by 0x488BAE1: rl_initialize (in /usr/lib/x86_64-linux-gnu/libreadline.so.8.1)
==2539==    by 0x488BCD4: readline (in /usr/lib/x86_64-linux-gnu/libreadline.so.8.1)
==2539==    by 0x1096ED: main (main.c:47)
==2539== 
==2539== 12,336 bytes in 3 blocks are still reachable in loss record 66 of 68
==2539==    at 0x4848899: malloc (in /usr/libexec/valgrind/vgpreload_memcheck-amd64-linux.so)
==2539==    by 0x48A3BAC: xmalloc (in /usr/lib/x86_64-linux-gnu/libreadline.so.8.1)
==2539==    by 0x4880251: rl_make_bare_keymap (in /usr/lib/x86_64-linux-gnu/libreadline.so.8.1)
==2539==    by 0x4880B6A: rl_generic_bind (in /usr/lib/x86_64-linux-gnu/libreadline.so.8.1)
==2539==    by 0x488B75D: rl_bind_keyseq_if_unbound_in_map (in /usr/lib/x86_64-linux-gnu/libreadline.so.8.1)
==2539==    by 0x488B914: ??? (in /usr/lib/x86_64-linux-gnu/libreadline.so.8.1)
==2539==    by 0x488BA93: rl_initialize (in /usr/lib/x86_64-linux-gnu/libreadline.so.8.1)
==2539==    by 0x488BCD4: readline (in /usr/lib/x86_64-linux-gnu/libreadline.so.8.1)
==2539==    by 0x1096ED: main (main.c:47)
==2539== 
==2539== 12,336 bytes in 3 blocks are still reachable in loss record 67 of 68
==2539==    at 0x4848899: malloc (in /usr/libexec/valgrind/vgpreload_memcheck-amd64-linux.so)
==2539==    by 0x48A3BAC: xmalloc (in /usr/lib/x86_64-linux-gnu/libreadline.so.8.1)
==2539==    by 0x4880251: rl_make_bare_keymap (in /usr/lib/x86_64-linux-gnu/libreadline.so.8.1)
==2539==    by 0x4880B6A: rl_generic_bind (in /usr/lib/x86_64-linux-gnu/libreadline.so.8.1)
==2539==    by 0x488B75D: rl_bind_keyseq_if_unbound_in_map (in /usr/lib/x86_64-linux-gnu/libreadline.so.8.1)
==2539==    by 0x488B914: ??? (in /usr/lib/x86_64-linux-gnu/libreadline.so.8.1)
==2539==    by 0x488BAB8: rl_initialize (in /usr/lib/x86_64-linux-gnu/libreadline.so.8.1)
==2539==    by 0x488BCD4: readline (in /usr/lib/x86_64-linux-gnu/libreadline.so.8.1)
==2539==    by 0x1096ED: main (main.c:47)
==2539== 
==2539== 28,784 bytes in 7 blocks are still reachable in loss record 68 of 68
==2539==    at 0x4848899: malloc (in /usr/libexec/valgrind/vgpreload_memcheck-amd64-linux.so)
==2539==    by 0x48A3BAC: xmalloc (in /usr/lib/x86_64-linux-gnu/libreadline.so.8.1)
==2539==    by 0x4880251: rl_make_bare_keymap (in /usr/lib/x86_64-linux-gnu/libreadline.so.8.1)
==2539==    by 0x4880B6A: rl_generic_bind (in /usr/lib/x86_64-linux-gnu/libreadline.so.8.1)
==2539==    by 0x489199E: rl_parse_and_bind (in /usr/lib/x86_64-linux-gnu/libreadline.so.8.1)
==2539==    by 0x4891B6C: ??? (in /usr/lib/x86_64-linux-gnu/libreadline.so.8.1)
==2539==    by 0x488BA38: rl_initialize (in /usr/lib/x86_64-linux-gnu/libreadline.so.8.1)
==2539==    by 0x488BCD4: readline (in /usr/lib/x86_64-linux-gnu/libreadline.so.8.1)
==2539==    by 0x1096ED: main (main.c:47)
==2539== 
==2539== LEAK SUMMARY:
==2539==    definitely lost: 32 bytes in 2 blocks
==2539==    indirectly lost: 16 bytes in 1 blocks
==2539==      possibly lost: 0 bytes in 0 blocks
==2539==    still reachable: 208,331 bytes in 228 blocks
==2539==         suppressed: 0 bytes in 0 blocks
==2539== 
==2539== For lists of detected and suppressed errors, rerun with: -s
==2539== ERROR SUMMARY: 1 errors from 1 contexts (suppressed: 0 from 0)
